<?xml version="1.0" encoding="UTF-8" ?>
<testsuite tests="13" failures="4" name="TestSuite" time="13.312" errors="0" skipped="4">
  <properties>
[...]
</properties>
  <testcase classname="com.deque.AllegisAccessibilityTest" name="auditHomePageForAccessibility" time="1.212"/>
  <testcase classname="com.deque.AllegisAccessibilityTest" name="createHtmlXmlReports" time="1.224">
    <failure message="Cannot run program &quot;D:\Personal_Project\attest-java-testNG\src\test\resources\attest-reporter-macos&quot;: CreateProcess error=193, %1 is not a valid Win32 application" type="java.io.IOException">java.io.IOException: Cannot run program &quot;D:\Personal_Project\attest-java-testNG\src\test\resources\attest-reporter-macos&quot;: CreateProcess error=193, %1 is not a valid Win32 application
	at java.base/java.lang.ProcessBuilder.start(ProcessBuilder.java:1128)
	at java.base/java.lang.ProcessBuilder.start(ProcessBuilder.java:1071)
	at java.base/java.lang.Runtime.exec(Runtime.java:589)
	at java.base/java.lang.Runtime.exec(Runtime.java:413)
	at java.base/java.lang.Runtime.exec(Runtime.java:310)
	at com.deque.AllegisAccessibilityTest.createHtmlXmlReports(AllegisAccessibilityTest.java:62)
Caused by: java.io.IOException: CreateProcess error=193, %1 is not a valid Win32 application
	at java.base/java.lang.ProcessImpl.create(Native Method)
	at java.base/java.lang.ProcessImpl.&lt;init&gt;(ProcessImpl.java:478)
	at java.base/java.lang.ProcessImpl.start(ProcessImpl.java:154)
	at java.base/java.lang.ProcessBuilder.start(ProcessBuilder.java:1107)
	... 41 more
</failure>
  </testcase>
  <testcase classname="com.deque.AllegisFullTest" name="getAllViolations" time="4.059">
    <failure message="chrome not reachable
  (Session info: chrome=85.0.4183.83)
Build info: version: &apos;3.8.1&apos;, revision: &apos;6e95a6684b&apos;, time: &apos;2017-12-01T18:33:54.468Z&apos;
System info: host: &apos;BSC-PG01M1L5&apos;, ip: &apos;192.168.43.4&apos;, os.name: &apos;Windows 10&apos;, os.arch: &apos;amd64&apos;, os.version: &apos;10.0&apos;, java.version: &apos;11.0.7&apos;
Driver info: org.openqa.selenium.chrome.ChromeDriver
Capabilities {acceptInsecureCerts: false, browserName: chrome, browserVersion: 85.0.4183.83, chrome: {chromedriverVersion: 85.0.4183.87 (cd6713ebf92fa..., userDataDir: C:\Users\ASIKAR~1\AppData\L...}, goog:chromeOptions: {debuggerAddress: localhost:62909}, javascriptEnabled: true, networkConnectionEnabled: false, pageLoadStrategy: normal, platform: WINDOWS, platformName: WINDOWS, proxy: Proxy(), setWindowRect: true, strictFileInteractability: false, timeouts: {implicit: 0, pageLoad: 300000, script: 30000}, unhandledPromptBehavior: dismiss and notify, webauthn:virtualAuthenticators: true}
Session ID: 0f7ba9c41edd1dd044f4c2a77f219538" type="org.openqa.selenium.WebDriverException">org.openqa.selenium.WebDriverException: chrome not reachable
  (Session info: chrome=85.0.4183.83)
Build info: version: &apos;3.8.1&apos;, revision: &apos;6e95a6684b&apos;, time: &apos;2017-12-01T18:33:54.468Z&apos;
System info: host: &apos;BSC-PG01M1L5&apos;, ip: &apos;192.168.43.4&apos;, os.name: &apos;Windows 10&apos;, os.arch: &apos;amd64&apos;, os.version: &apos;10.0&apos;, java.version: &apos;11.0.7&apos;
Driver info: org.openqa.selenium.chrome.ChromeDriver
Capabilities {acceptInsecureCerts: false, browserName: chrome, browserVersion: 85.0.4183.83, chrome: {chromedriverVersion: 85.0.4183.87 (cd6713ebf92fa..., userDataDir: C:\Users\ASIKAR~1\AppData\L...}, goog:chromeOptions: {debuggerAddress: localhost:62909}, javascriptEnabled: true, networkConnectionEnabled: false, pageLoadStrategy: normal, platform: WINDOWS, platformName: WINDOWS, proxy: Proxy(), setWindowRect: true, strictFileInteractability: false, timeouts: {implicit: 0, pageLoad: 300000, script: 30000}, unhandledPromptBehavior: dismiss and notify, webauthn:virtualAuthenticators: true}
Session ID: 0f7ba9c41edd1dd044f4c2a77f219538
	at java.base/jdk.internal.reflect.NativeConstructorAccessorImpl.newInstance0(Native Method)
	at java.base/jdk.internal.reflect.NativeConstructorAccessorImpl.newInstance(NativeConstructorAccessorImpl.java:62)
	at java.base/jdk.internal.reflect.DelegatingConstructorAccessorImpl.newInstance(DelegatingConstructorAccessorImpl.java:45)
	at java.base/java.lang.reflect.Constructor.newInstance(Constructor.java:490)
	at org.openqa.selenium.remote.http.W3CHttpResponseCodec.createException(W3CHttpResponseCodec.java:187)
	at org.openqa.selenium.remote.http.W3CHttpResponseCodec.decode(W3CHttpResponseCodec.java:122)
	at org.openqa.selenium.remote.http.W3CHttpResponseCodec.decode(W3CHttpResponseCodec.java:49)
	at org.openqa.selenium.remote.HttpCommandExecutor.execute(HttpCommandExecutor.java:164)
	at org.openqa.selenium.remote.service.DriverCommandExecutor.execute(DriverCommandExecutor.java:83)
	at org.openqa.selenium.remote.RemoteWebDriver.execute(RemoteWebDriver.java:601)
	at org.openqa.selenium.remote.RemoteWebDriver.get(RemoteWebDriver.java:325)
	at com.deque.AllegisFullTest.getAllViolations(AllegisFullTest.java:58)
</failure>
    <system-out>1 ti here
</system-out>
  </testcase>
  <testcase classname="com.deque.ApplicationFullTest" name="auditTestPageForAccessibility" time="4.034">
    <failure message="chrome not reachable
  (Session info: chrome=85.0.4183.83)
Build info: version: &apos;3.8.1&apos;, revision: &apos;6e95a6684b&apos;, time: &apos;2017-12-01T18:33:54.468Z&apos;
System info: host: &apos;BSC-PG01M1L5&apos;, ip: &apos;192.168.43.4&apos;, os.name: &apos;Windows 10&apos;, os.arch: &apos;amd64&apos;, os.version: &apos;10.0&apos;, java.version: &apos;11.0.7&apos;
Driver info: org.openqa.selenium.chrome.ChromeDriver
Capabilities {acceptInsecureCerts: false, browserName: chrome, browserVersion: 85.0.4183.83, chrome: {chromedriverVersion: 85.0.4183.87 (cd6713ebf92fa..., userDataDir: C:\Users\ASIKAR~1\AppData\L...}, goog:chromeOptions: {debuggerAddress: localhost:62923}, javascriptEnabled: true, networkConnectionEnabled: false, pageLoadStrategy: normal, platform: WINDOWS, platformName: WINDOWS, proxy: Proxy(), setWindowRect: true, strictFileInteractability: false, timeouts: {implicit: 0, pageLoad: 300000, script: 30000}, unhandledPromptBehavior: dismiss and notify, webauthn:virtualAuthenticators: true}
Session ID: 3343d4d3f4fead58104fc59f9bbabb57" type="org.openqa.selenium.WebDriverException">org.openqa.selenium.WebDriverException: chrome not reachable
  (Session info: chrome=85.0.4183.83)
Build info: version: &apos;3.8.1&apos;, revision: &apos;6e95a6684b&apos;, time: &apos;2017-12-01T18:33:54.468Z&apos;
System info: host: &apos;BSC-PG01M1L5&apos;, ip: &apos;192.168.43.4&apos;, os.name: &apos;Windows 10&apos;, os.arch: &apos;amd64&apos;, os.version: &apos;10.0&apos;, java.version: &apos;11.0.7&apos;
Driver info: org.openqa.selenium.chrome.ChromeDriver
Capabilities {acceptInsecureCerts: false, browserName: chrome, browserVersion: 85.0.4183.83, chrome: {chromedriverVersion: 85.0.4183.87 (cd6713ebf92fa..., userDataDir: C:\Users\ASIKAR~1\AppData\L...}, goog:chromeOptions: {debuggerAddress: localhost:62923}, javascriptEnabled: true, networkConnectionEnabled: false, pageLoadStrategy: normal, platform: WINDOWS, platformName: WINDOWS, proxy: Proxy(), setWindowRect: true, strictFileInteractability: false, timeouts: {implicit: 0, pageLoad: 300000, script: 30000}, unhandledPromptBehavior: dismiss and notify, webauthn:virtualAuthenticators: true}
Session ID: 3343d4d3f4fead58104fc59f9bbabb57
	at java.base/jdk.internal.reflect.NativeConstructorAccessorImpl.newInstance0(Native Method)
	at java.base/jdk.internal.reflect.NativeConstructorAccessorImpl.newInstance(NativeConstructorAccessorImpl.java:62)
	at java.base/jdk.internal.reflect.DelegatingConstructorAccessorImpl.newInstance(DelegatingConstructorAccessorImpl.java:45)
	at java.base/java.lang.reflect.Constructor.newInstance(Constructor.java:490)
	at org.openqa.selenium.remote.http.W3CHttpResponseCodec.createException(W3CHttpResponseCodec.java:187)
	at org.openqa.selenium.remote.http.W3CHttpResponseCodec.decode(W3CHttpResponseCodec.java:122)
	at org.openqa.selenium.remote.http.W3CHttpResponseCodec.decode(W3CHttpResponseCodec.java:49)
	at org.openqa.selenium.remote.HttpCommandExecutor.execute(HttpCommandExecutor.java:164)
	at org.openqa.selenium.remote.service.DriverCommandExecutor.execute(DriverCommandExecutor.java:83)
	at org.openqa.selenium.remote.RemoteWebDriver.execute(RemoteWebDriver.java:601)
	at org.openqa.selenium.remote.RemoteWebDriver.get(RemoteWebDriver.java:325)
	at com.deque.ApplicationFullTest.auditTestPageForAccessibility(ApplicationFullTest.java:57)
</failure>
  </testcase>
  <testcase classname="com.deque.AttestCustomConfigTest" name="auditHomePageForAccessibility" time="0.384"/>
  <testcase classname="com.deque.AttestCustomConfigTest" name="auditHomePageWithCertainChecks" time="0.242"/>
  <testcase classname="com.deque.AttestCustomConfigTest" name="auditHomePageWithExclusions" time="0.313"/>
  <testcase classname="com.deque.AttestCustomConfigTest" name="auditHomePageWithOptions" time="0.304"/>
  <testcase classname="com.deque.AttestCustomConfigTest" name="createHtmlXmlReports" time="0.308">
    <failure message="Cannot run program &quot;D:\Personal_Project\attest-java-testNG\src\test\resources\attest-reporter-macos&quot;: CreateProcess error=193, %1 is not a valid Win32 application" type="java.io.IOException">java.io.IOException: Cannot run program &quot;D:\Personal_Project\attest-java-testNG\src\test\resources\attest-reporter-macos&quot;: CreateProcess error=193, %1 is not a valid Win32 application
	at java.base/java.lang.ProcessBuilder.start(ProcessBuilder.java:1128)
	at java.base/java.lang.ProcessBuilder.start(ProcessBuilder.java:1071)
	at java.base/java.lang.Runtime.exec(Runtime.java:589)
	at java.base/java.lang.Runtime.exec(Runtime.java:413)
	at java.base/java.lang.Runtime.exec(Runtime.java:310)
	at com.deque.AttestCustomConfigTest.createHtmlXmlReports(AttestCustomConfigTest.java:58)
Caused by: java.io.IOException: CreateProcess error=193, %1 is not a valid Win32 application
	at java.base/java.lang.ProcessImpl.create(Native Method)
	at java.base/java.lang.ProcessImpl.&lt;init&gt;(ProcessImpl.java:478)
	at java.base/java.lang.ProcessImpl.start(ProcessImpl.java:154)
	at java.base/java.lang.ProcessBuilder.start(ProcessBuilder.java:1107)
	... 41 more
</failure>
  </testcase>
  <testcase classname="com.deque.AllegisAccessibilityTest" name="tearDown" time="0.308">
    <skipped/>
  </testcase>
  <testcase classname="com.deque.AllegisFullTest" name="tearDown" time="0.308">
    <skipped/>
  </testcase>
  <testcase classname="com.deque.ApplicationFullTest" name="tearDown" time="0.308">
    <skipped/>
  </testcase>
  <testcase classname="com.deque.AttestCustomConfigTest" name="tearDown" time="0.308">
    <skipped/>
  </testcase>
</testsuite>