<?xml version="1.0" encoding="UTF-8"?>
<!-- Generated by org.testng.reporters.JUnitReportReporter -->
<testsuite hostname="BSC-PG01M1L5" failures="1" tests="2" name="com.deque.AllegisLighteningPopupTest" time="34.973" errors="0" timestamp="2020-09-11T13:57:43 IST" skipped="0">
  <testcase classname="com.deque.AllegisLighteningPopupTest" name="getAllViolations" time="17.984"/>
  <system-out/>
  <testcase classname="com.deque.AllegisLighteningPopupTest" name="getAllViolationsisAcc" time="16.989">
    <failure message="
Expected: No accessibility violations to be found!
     but: Found 20 accessibility violations:
1) Elements must only use allowed ARIA attributes: https://dequeuniversity.com/rules/axe/3.5/aria-allowed-attr?application=axeAPI
  a) [[one-record-home-flexipage2, forcegenerated-adgrollup_component___forcegenerated__flexipage_recordpage___talent_contact_tabbed_view___contact___view, forcegenerated-flexipage_talent_contact_tabbed_view_contact__view_js, :root &gt; flexipage-aura-wrapper, a[aria-describedby=&quot;\31 53\:2598\;a-label&quot;]]]
    Fix any of the following:
      ARIA attribute is not allowed: aria-required=&quot;true&quot;


  b) [[one-record-home-flexipage2, forcegenerated-adgrollup_component___forcegenerated__flexipage_recordpage___talent_contact_tabbed_view___contact___view, forcegenerated-flexipage_talent_contact_tabbed_view_contact__view_js, :root &gt; flexipage-aura-wrapper, #\34 49848c7fa]]
    Fix any of the following:
      ARIA attribute is not allowed: aria-expanded=&quot;false&quot;


  c) [[one-record-home-flexipage2, forcegenerated-adgrollup_component___forcegenerated__flexipage_recordpage___talent_contact_tabbed_view___contact___view, forcegenerated-flexipage_talent_contact_tabbed_view_contact__view_js, :root &gt; flexipage-aura-wrapper, a[aria-describedby=&quot;\32 44\:2598\;a-label&quot;]]]
    Fix any of the following:
      ARIA attribute is not allowed: aria-required=&quot;true&quot;


  d) [[one-record-home-flexipage2, forcegenerated-adgrollup_component___forcegenerated__flexipage_recordpage___talent_contact_tabbed_view___contact___view, forcegenerated-flexipage_talent_contact_tabbed_view_contact__view_js, :root &gt; flexipage-aura-wrapper, a[aria-describedby=&quot;\32 92\:2598\;a-label&quot;]]]
    Fix any of the following:
      ARIA attribute is not allowed: aria-required=&quot;true&quot;


2) ARIA input fields have an accessible name: https://dequeuniversity.com/rules/axe/3.5/aria-input-field-name?application=axeAPI
  a) [[one-record-home-flexipage2, forcegenerated-adgrollup_component___forcegenerated__flexipage_recordpage___talent_contact_tabbed_view___contact___view, forcegenerated-flexipage_talent_contact_tabbed_view_contact__view_js, :root &gt; flexipage-aura-wrapper, #listbox-unique-id]]
    Fix any of the following:
      aria-label attribute does not exist or is empty
      aria-labelledby attribute does not exist, references elements that do not exist or references elements that are empty
      Element has no title attribute or the title attribute is empty


3) Certain ARIA roles must contain particular children: https://dequeuniversity.com/rules/axe/3.5/aria-required-children?application=axeAPI
  a) [[one-record-home-flexipage2, forcegenerated-adgrollup_component___forcegenerated__flexipage_recordpage___talent_contact_tabbed_view___contact___view, forcegenerated-flexipage_talent_contact_tabbed_view_contact__view_js, :root &gt; flexipage-aura-wrapper, #listbox-unique-id]]
    Fix any of the following:
      Required ARIA child role not present: option


4) Certain ARIA roles must be contained by particular parents: https://dequeuniversity.com/rules/axe/3.5/aria-required-parent?application=axeAPI
  a) [[one-record-home-flexipage2, forcegenerated-adgrollup_component___forcegenerated__flexipage_recordpage___talent_contact_tabbed_view___contact___view, forcegenerated-flexipage_talent_contact_tabbed_view_contact__view_js, :root &gt; flexipage-aura-wrapper, #tlp-header-icon]]
    Fix any of the following:
      Required ARIA parent role not present: tablist


5) ARIA roles used must conform to valid values: https://dequeuniversity.com/rules/axe/3.5/aria-roles?application=axeAPI
  a) [[one-record-home-flexipage2, forcegenerated-adgrollup_component___forcegenerated__flexipage_recordpage___talent_contact_tabbed_view___contact___view, forcegenerated-flexipage_talent_contact_tabbed_view_contact__view_js, :root &gt; flexipage-aura-wrapper, #tlp-header-back]]
    Fix all of the following:
      Role must be one of the valid ARIA roles: Tab


  b) [[one-record-home-flexipage2, forcegenerated-adgrollup_component___forcegenerated__flexipage_recordpage___talent_contact_tabbed_view___contact___view, forcegenerated-flexipage_talent_contact_tabbed_view_contact__view_js, :root &gt; flexipage-aura-wrapper, .cC_LinkedInIcon]]
    Fix all of the following:
      Use only one role value, since fallback roles are not supported in older browsers


6) ARIA attributes must conform to valid values: https://dequeuniversity.com/rules/axe/3.5/aria-valid-attr-value?application=axeAPI
  a) [[lightning-grouped-combobox, lightning-base-combobox[data-lookup=&quot;true&quot;], #input-5]]
    Fix all of the following:
      Invalid ARIA attribute value: aria-controls=&quot;dropdown-element-5&quot;


  b) [[one-record-home-flexipage2, forcegenerated-adgrollup_component___forcegenerated__flexipage_recordpage___talent_contact_tabbed_view___contact___view, forcegenerated-flexipage_talent_contact_tabbed_view_contact__view_js, flexipage-tabset2, lightning-tabset, lightning-tab-bar, #detailTab2__item]]
    Fix all of the following:
      Invalid ARIA attribute value: aria-controls=&quot;tab-3&quot;


  c) [[one-record-home-flexipage2, forcegenerated-adgrollup_component___forcegenerated__flexipage_recordpage___talent_contact_tabbed_view___contact___view, forcegenerated-flexipage_talent_contact_tabbed_view_contact__view_js, #tab-3]]
    Fix all of the following:
      Invalid ARIA attribute value: aria-labelledby=&quot;detailTab2__item&quot;


  d) [[one-record-home-flexipage2, forcegenerated-adgrollup_component___forcegenerated__flexipage_recordpage___talent_contact_tabbed_view___contact___view, forcegenerated-flexipage_talent_contact_tabbed_view_contact__view_js, :root &gt; flexipage-aura-wrapper, div[aria-labelledby=&quot;OwnerId&quot;]]]
    Fix all of the following:
      Invalid ARIA attribute value: aria-labelledby=&quot;OwnerId&quot;


  e) [[one-record-home-flexipage2, forcegenerated-adgrollup_component___forcegenerated__flexipage_recordpage___talent_contact_tabbed_view___contact___view, forcegenerated-flexipage_talent_contact_tabbed_view_contact__view_js, :root &gt; flexipage-aura-wrapper, div[aria-labelledby=&quot;Type&quot;]]]
    Fix all of the following:
      Invalid ARIA attribute value: aria-labelledby=&quot;Type&quot;


  f) [[one-record-home-flexipage2, forcegenerated-adgrollup_component___forcegenerated__flexipage_recordpage___talent_contact_tabbed_view___contact___view, forcegenerated-flexipage_talent_contact_tabbed_view_contact__view_js, :root &gt; flexipage-aura-wrapper, div[aria-labelledby=&quot;related_to&quot;]]]
    Fix all of the following:
      Invalid ARIA attribute value: aria-labelledby=&quot;related_to&quot;


  g) [[one-record-home-flexipage2, forcegenerated-adgrollup_component___forcegenerated__flexipage_recordpage___talent_contact_tabbed_view___contact___view, forcegenerated-flexipage_talent_contact_tabbed_view_contact__view_js, :root &gt; flexipage-aura-wrapper, div[aria-labelledby=&quot;Subject&quot;]]]
    Fix all of the following:
      Invalid ARIA attribute value: aria-labelledby=&quot;Subject&quot;


  h) [[one-record-home-flexipage2, forcegenerated-adgrollup_component___forcegenerated__flexipage_recordpage___talent_contact_tabbed_view___contact___view, forcegenerated-flexipage_talent_contact_tabbed_view_contact__view_js, :root &gt; flexipage-aura-wrapper, div[aria-labelledby=&quot;Priority&quot;]]]
    Fix all of the following:
      Invalid ARIA attribute value: aria-labelledby=&quot;Priority&quot;


  i) [[one-record-home-flexipage2, forcegenerated-adgrollup_component___forcegenerated__flexipage_recordpage___talent_contact_tabbed_view___contact___view, forcegenerated-flexipage_talent_contact_tabbed_view_contact__view_js, :root &gt; flexipage-aura-wrapper, div[aria-labelledby=&quot;ActivityDate&quot;]]]
    Fix all of the following:
      Invalid ARIA attribute value: aria-labelledby=&quot;ActivityDate&quot;


  j) [[one-record-home-flexipage2, forcegenerated-adgrollup_component___forcegenerated__flexipage_recordpage___talent_contact_tabbed_view___contact___view, forcegenerated-flexipage_talent_contact_tabbed_view_contact__view_js, :root &gt; flexipage-aura-wrapper, div[aria-labelledby=&quot;RepeatThisTask&quot;]]]
    Fix all of the following:
      Invalid ARIA attribute value: aria-labelledby=&quot;RepeatThisTask&quot;


  k) [[one-record-home-flexipage2, forcegenerated-adgrollup_component___forcegenerated__flexipage_recordpage___talent_contact_tabbed_view___contact___view, forcegenerated-flexipage_talent_contact_tabbed_view_contact__view_js, :root &gt; flexipage-aura-wrapper, div[aria-labelledby=&quot;Comments&quot;]]]
    Fix all of the following:
      Invalid ARIA attribute value: aria-labelledby=&quot;Comments&quot;


7) Buttons must have discernible text: https://dequeuniversity.com/rules/axe/3.5/button-name?application=axeAPI
  a) [[one-record-home-flexipage2, forcegenerated-adgrollup_component___forcegenerated__flexipage_recordpage___talent_contact_tabbed_view___contact___view, forcegenerated-flexipage_talent_contact_tabbed_view_contact__view_js, :root &gt; flexipage-aura-wrapper, a[data-aura-rendered-by=&quot;\32 499\:0&quot;]]]
    Fix any of the following:
      Element does not have inner text that is visible to screen readers
      aria-label attribute does not exist or is empty
      aria-labelledby attribute does not exist, references elements that do not exist or references elements that are empty
      Element&#039;s default semantics were not overridden with role=&quot;presentation&quot;
      Element&#039;s default semantics were not overridden with role=&quot;none&quot;
      Element has no title attribute or the title attribute is empty


  b) [[one-record-home-flexipage2, forcegenerated-adgrollup_component___forcegenerated__flexipage_recordpage___talent_contact_tabbed_view___contact___view, forcegenerated-flexipage_talent_contact_tabbed_view_contact__view_js, :root &gt; flexipage-aura-wrapper, a[data-aura-rendered-by=&quot;\32 584\:0&quot;]]]
    Fix any of the following:
      Element does not have inner text that is visible to screen readers
      aria-label attribute does not exist or is empty
      aria-labelledby attribute does not exist, references elements that do not exist or references elements that are empty
      Element&#039;s default semantics were not overridden with role=&quot;presentation&quot;
      Element&#039;s default semantics were not overridden with role=&quot;none&quot;
      Element has no title attribute or the title attribute is empty


  c) [[one-record-home-flexipage2, forcegenerated-adgrollup_component___forcegenerated__flexipage_recordpage___talent_contact_tabbed_view___contact___view, forcegenerated-flexipage_talent_contact_tabbed_view_contact__view_js, :root &gt; flexipage-aura-wrapper, button[data-aura-rendered-by=&quot;\34 3\:2294\;a&quot;]]]
    Fix any of the following:
      Element does not have inner text that is visible to screen readers
      aria-label attribute does not exist or is empty
      aria-labelledby attribute does not exist, references elements that do not exist or references elements that are empty
      Element&#039;s default semantics were not overridden with role=&quot;presentation&quot;
      Element&#039;s default semantics were not overridden with role=&quot;none&quot;
      Element has no title attribute or the title attribute is empty


  d) [[one-record-home-flexipage2, forcegenerated-adgrollup_component___forcegenerated__flexipage_recordpage___talent_contact_tabbed_view___contact___view, forcegenerated-flexipage_talent_contact_tabbed_view_contact__view_js, :root &gt; flexipage-aura-wrapper, .act-btn-class]]
    Fix any of the following:
      Element does not have inner text that is visible to screen readers
      aria-label attribute does not exist or is empty
      aria-labelledby attribute does not exist, references elements that do not exist or references elements that are empty
      Element&#039;s default semantics were not overridden with role=&quot;presentation&quot;
      Element&#039;s default semantics were not overridden with role=&quot;none&quot;
      Element has no title attribute or the title attribute is empty


  e) [button[data-aura-rendered-by=&quot;\34 11\:0&quot;]]
    Fix any of the following:
      Element does not have inner text that is visible to screen readers
      aria-label attribute does not exist or is empty
      aria-labelledby attribute does not exist, references elements that do not exist or references elements that are empty
      Element&#039;s default semantics were not overridden with role=&quot;presentation&quot;
      Element&#039;s default semantics were not overridden with role=&quot;none&quot;
      Element has no title attribute or the title attribute is empty


8) &lt;dl&gt; elements must only directly contain properly-ordered &lt;dt&gt; and &lt;dd&gt; groups, &lt;script&gt; or &lt;template&gt; elements: https://dequeuniversity.com/rules/axe/3.5/definition-list?application=axeAPI
  a) [[one-record-home-flexipage2, forcegenerated-adgrollup_component___forcegenerated__flexipage_recordpage___talent_contact_tabbed_view___contact___view, forcegenerated-flexipage_talent_contact_tabbed_view_contact__view_js, :root &gt; flexipage-aura-wrapper, dl[data-aura-rendered-by=&quot;\39 1\:2294\;a&quot;]]]
    Fix all of the following:
      List element has direct children that are not allowed inside &lt;dt&gt; or &lt;dd&gt; elements


  b) [[one-record-home-flexipage2, forcegenerated-adgrollup_component___forcegenerated__flexipage_recordpage___talent_contact_tabbed_view___contact___view, forcegenerated-flexipage_talent_contact_tabbed_view_contact__view_js, :root &gt; flexipage-aura-wrapper, dl[data-aura-rendered-by=&quot;\31 10\:2294\;a&quot;]]]
    Fix all of the following:
      List element has direct children that are not allowed inside &lt;dt&gt; or &lt;dd&gt; elements


9) &lt;dt&gt; and &lt;dd&gt; elements must be contained by a &lt;dl&gt;: https://dequeuniversity.com/rules/axe/3.5/dlitem?application=axeAPI
  a) [[one-record-home-flexipage2, forcegenerated-adgrollup_component___forcegenerated__flexipage_recordpage___talent_contact_tabbed_view___contact___view, forcegenerated-flexipage_talent_contact_tabbed_view_contact__view_js, :root &gt; flexipage-aura-wrapper, dt[title=&quot;Job\&amp;nbsp\;Title\:&quot;]]]
    Fix any of the following:
      Description list item does not have a &lt;dl&gt; parent element


  b) [[one-record-home-flexipage2, forcegenerated-adgrollup_component___forcegenerated__flexipage_recordpage___talent_contact_tabbed_view___contact___view, forcegenerated-flexipage_talent_contact_tabbed_view_contact__view_js, :root &gt; flexipage-aura-wrapper, dd[data-aura-rendered-by=&quot;\38 2\:2294\;a&quot;]]]
    Fix any of the following:
      Description list item does not have a &lt;dl&gt; parent element


  c) [[one-record-home-flexipage2, forcegenerated-adgrollup_component___forcegenerated__flexipage_recordpage___talent_contact_tabbed_view___contact___view, forcegenerated-flexipage_talent_contact_tabbed_view_contact__view_js, :root &gt; flexipage-aura-wrapper, dt[title=&quot;Main\&amp;nbsp\;Skill\:&quot;]]]
    Fix any of the following:
      Description list item does not have a &lt;dl&gt; parent element


  d) [[one-record-home-flexipage2, forcegenerated-adgrollup_component___forcegenerated__flexipage_recordpage___talent_contact_tabbed_view___contact___view, forcegenerated-flexipage_talent_contact_tabbed_view_contact__view_js, :root &gt; flexipage-aura-wrapper, dd[data-aura-rendered-by=&quot;\31 01\:2294\;a&quot;]]]
    Fix any of the following:
      Description list item does not have a &lt;dl&gt; parent element


10) id attribute value must be unique: https://dequeuniversity.com/rules/axe/3.5/duplicate-id?application=axeAPI
  a) [[one-record-home-flexipage2, forcegenerated-adgrollup_component___forcegenerated__flexipage_recordpage___talent_contact_tabbed_view___contact___view, forcegenerated-flexipage_talent_contact_tabbed_view_contact__view_js, :root &gt; flexipage-aura-wrapper, div[data-aura-rendered-by=&quot;\33 397\:0&quot;]]]
    Fix any of the following:
      Document has multiple static elements with the same id attribute


  b) [[one-record-home-flexipage2, forcegenerated-adgrollup_component___forcegenerated__flexipage_recordpage___talent_contact_tabbed_view___contact___view, forcegenerated-flexipage_talent_contact_tabbed_view_contact__view_js, :root &gt; flexipage-aura-wrapper, div[data-aura-rendered-by=&quot;\33 407\:0&quot;]]]
    Fix any of the following:
      Document has multiple static elements with the same id attribute


  c) [[one-record-home-flexipage2, forcegenerated-adgrollup_component___forcegenerated__flexipage_recordpage___talent_contact_tabbed_view___contact___view, forcegenerated-flexipage_talent_contact_tabbed_view_contact__view_js, :root &gt; flexipage-aura-wrapper, div[data-aura-rendered-by=&quot;\33 417\:0&quot;]]]
    Fix any of the following:
      Document has multiple static elements with the same id attribute


  d) [[one-record-home-flexipage2, forcegenerated-adgrollup_component___forcegenerated__flexipage_recordpage___talent_contact_tabbed_view___contact___view, forcegenerated-flexipage_talent_contact_tabbed_view_contact__view_js, :root &gt; flexipage-aura-wrapper, h2[data-aura-rendered-by=&quot;\33 431\:0&quot;]]]
    Fix any of the following:
      Document has multiple static elements with the same id attribute


  e) [[one-record-home-flexipage2, forcegenerated-adgrollup_component___forcegenerated__flexipage_recordpage___talent_contact_tabbed_view___contact___view, forcegenerated-flexipage_talent_contact_tabbed_view_contact__view_js, :root &gt; flexipage-aura-wrapper, div[data-aura-rendered-by=&quot;\33 439\:0&quot;]]]
    Fix any of the following:
      Document has multiple static elements with the same id attribute


  f) [[one-record-home-flexipage2, forcegenerated-adgrollup_component___forcegenerated__flexipage_recordpage___talent_contact_tabbed_view___contact___view, forcegenerated-flexipage_talent_contact_tabbed_view_contact__view_js, :root &gt; flexipage-aura-wrapper, div[data-aura-rendered-by=&quot;\33 441\:0&quot;]]]
    Fix any of the following:
      Document has multiple static elements with the same id attribute


11) Headings must not be empty: https://dequeuniversity.com/rules/axe/3.5/empty-heading?application=axeAPI
  a) [[one-record-home-flexipage2, forcegenerated-adgrollup_component___forcegenerated__flexipage_recordpage___talent_contact_tabbed_view___contact___view, forcegenerated-flexipage_talent_contact_tabbed_view_contact__view_js, :root &gt; flexipage-aura-wrapper, h2[data-aura-rendered-by=&quot;\33 204\:0&quot;]]]
    Fix any of the following:
      Element does not have text that is visible to screen readers


  b) [[one-record-home-flexipage2, forcegenerated-adgrollup_component___forcegenerated__flexipage_recordpage___talent_contact_tabbed_view___contact___view, forcegenerated-flexipage_talent_contact_tabbed_view_contact__view_js, :root &gt; flexipage-aura-wrapper, h2[data-aura-rendered-by=&quot;\32 931\:0&quot;]]]
    Fix any of the following:
      Element does not have text that is visible to screen readers


12) Heading levels should only increase by one: https://dequeuniversity.com/rules/axe/3.5/heading-order?application=axeAPI
  a) [[one-record-home-flexipage2, forcegenerated-adgrollup_component___forcegenerated__flexipage_recordpage___talent_contact_tabbed_view___contact___view, forcegenerated-flexipage_talent_contact_tabbed_view_contact__view_js, :root &gt; flexipage-aura-wrapper, #tlp-title\ slds-truncate]]
    Fix any of the following:
      Heading order invalid


13) Form elements must have labels: https://dequeuniversity.com/rules/axe/3.5/label?application=axeAPI
  a) [[lightning-grouped-combobox, lightning-base-combobox[data-lookup=&quot;true&quot;], #input-5]]
    Fix any of the following:
      aria-label attribute does not exist or is empty
      aria-labelledby attribute does not exist, references elements that do not exist or references elements that are empty
      Form element does not have an implicit (wrapped) &lt;label&gt;
      Form element does not have an explicit &lt;label&gt;
      Element has no title attribute or the title attribute is empty


  b) [[one-record-home-flexipage2, forcegenerated-adgrollup_component___forcegenerated__flexipage_recordpage___talent_contact_tabbed_view___contact___view, forcegenerated-flexipage_talent_contact_tabbed_view_contact__view_js, :root &gt; flexipage-aura-wrapper, #\34 49848c7fa]]
    Fix any of the following:
      aria-label attribute does not exist or is empty
      aria-labelledby attribute does not exist, references elements that do not exist or references elements that are empty
      Form element does not have an implicit (wrapped) &lt;label&gt;
      Form element does not have an explicit &lt;label&gt;
      Element has no title attribute or the title attribute is empty


  c) [[one-record-home-flexipage2, forcegenerated-adgrollup_component___forcegenerated__flexipage_recordpage___talent_contact_tabbed_view___contact___view, forcegenerated-flexipage_talent_contact_tabbed_view_contact__view_js, :root &gt; flexipage-aura-wrapper, #\32 24\:2598\;a]]
    Fix all of the following:
      Form element has explicit &lt;label&gt; that is hidden


  d) [[one-record-home-flexipage2, forcegenerated-adgrollup_component___forcegenerated__flexipage_recordpage___talent_contact_tabbed_view___contact___view, forcegenerated-flexipage_talent_contact_tabbed_view_contact__view_js, :root &gt; flexipage-aura-wrapper, #\33 35\:2598\;a]]
    Fix all of the following:
      Form element has explicit &lt;label&gt; that is hidden


  e) [[one-record-home-flexipage2, forcegenerated-adgrollup_component___forcegenerated__flexipage_recordpage___talent_contact_tabbed_view___contact___view, forcegenerated-flexipage_talent_contact_tabbed_view_contact__view_js, :root &gt; flexipage-aura-wrapper, #\33 56\:2598\;a]]
    Fix all of the following:
      Form element has explicit &lt;label&gt; that is hidden


  f) [[one-record-home-flexipage2, forcegenerated-adgrollup_component___forcegenerated__flexipage_recordpage___talent_contact_tabbed_view___contact___view, forcegenerated-flexipage_talent_contact_tabbed_view_contact__view_js, :root &gt; flexipage-aura-wrapper, #\33 80\:2598\;a]]
    Fix all of the following:
      Form element has explicit &lt;label&gt; that is hidden


  g) [[one-record-home-flexipage2, forcegenerated-adgrollup_component___forcegenerated__flexipage_recordpage___talent_contact_tabbed_view___contact___view, forcegenerated-flexipage_talent_contact_tabbed_view_contact__view_js, :root &gt; flexipage-aura-wrapper, #comm, #input-416]]
    Fix all of the following:
      Form element has explicit &lt;label&gt; that is hidden


14) Document must have one main landmark: https://dequeuniversity.com/rules/axe/3.5/landmark-one-main?application=axeAPI
  a) [html]
    Fix all of the following:
      Document does not have a main landmark


15) Ensures landmarks are unique: https://dequeuniversity.com/rules/axe/3.5/landmark-unique?application=axeAPI
  a) [[one-appnav, .appLauncher]]
    Fix any of the following:
      The landmark must have a unique aria-label, aria-labelledby, or title to make landmarks distinguishable


16) Links must have discernible text: https://dequeuniversity.com/rules/axe/3.5/link-name?application=axeAPI
  a) [a[href$=&quot;logout\.jsp&quot;]]
    Fix all of the following:
      Element is in tab order and does not have accessible text

    Fix any of the following:
      Element does not have text that is visible to screen readers
      aria-label attribute does not exist or is empty
      aria-labelledby attribute does not exist, references elements that do not exist or references elements that are empty
      Element&#039;s default semantics were not overridden with role=&quot;presentation&quot;
      Element&#039;s default semantics were not overridden with role=&quot;none&quot;


17) &lt;ul&gt; and &lt;ol&gt; must only directly contain &lt;li&gt;, &lt;script&gt; or &lt;template&gt; elements: https://dequeuniversity.com/rules/axe/3.5/list?application=axeAPI
  a) [[one-record-home-flexipage2, forcegenerated-adgrollup_component___forcegenerated__flexipage_recordpage___talent_contact_tabbed_view___contact___view, forcegenerated-flexipage_talent_contact_tabbed_view_contact__view_js, :root &gt; flexipage-aura-wrapper, ul[data-aura-rendered-by=&quot;\37 7\:2326\;a&quot;]]]
    Fix all of the following:
      List element has direct children that are not allowed inside &lt;li&gt; elements


18) &lt;li&gt; elements must be contained in a &lt;ul&gt; or &lt;ol&gt;: https://dequeuniversity.com/rules/axe/3.5/listitem?application=axeAPI
  a) [[one-record-home-flexipage2, forcegenerated-adgrollup_component___forcegenerated__flexipage_recordpage___talent_contact_tabbed_view___contact___view, forcegenerated-flexipage_talent_contact_tabbed_view_contact__view_js, flexipage-tabset2, lightning-tabset, lightning-tab-bar, .slds-tabs_default__overflow-button.slds-tabs_default__item[data-overflow=&quot;true&quot;]]]
    Fix any of the following:
      List item does not have a &lt;ul&gt;, &lt;ol&gt; parent element without a role, or a role=&quot;list&quot;


  b) [[one-record-home-flexipage2, forcegenerated-adgrollup_component___forcegenerated__flexipage_recordpage___talent_contact_tabbed_view___contact___view, forcegenerated-flexipage_talent_contact_tabbed_view_contact__view_js, :root &gt; flexipage-aura-wrapper, .slds-timeline__item]]
    Fix any of the following:
      List item does not have a &lt;ul&gt;, &lt;ol&gt; parent element


19) Zooming and scaling must not be disabled: https://dequeuniversity.com/rules/axe/3.5/meta-viewport?application=axeAPI
  a) [meta[name=&quot;viewport&quot;]:nth-child(2)]
    Fix any of the following:
      user-scalable=no on &lt;meta&gt; tag disables zooming on mobile devices


  b) [#vp]
    Fix any of the following:
      user-scalable=no on &lt;meta&gt; tag disables zooming on mobile devices


20) All page content must be contained by landmarks: https://dequeuniversity.com/rules/axe/3.5/region?application=axeAPI
  a) [[one-appnav, .appName]]
    Fix any of the following:
      Some page content is not contained by landmarks


  b) [[one-appnav, one-app-nav-bar, #operationId-13]]
    Fix any of the following:
      Some page content is not contained by landmarks


  c) [[one-record-home-flexipage2, forcegenerated-adgrollup_component___forcegenerated__flexipage_recordpage___talent_contact_tabbed_view___contact___view, forcegenerated-flexipage_talent_contact_tabbed_view_contact__view_js, flexipage-tabset2, h2]]
    Fix any of the following:
      Some page content is not contained by landmarks


  d) [[one-record-home-flexipage2, forcegenerated-adgrollup_component___forcegenerated__flexipage_recordpage___talent_contact_tabbed_view___contact___view, forcegenerated-flexipage_talent_contact_tabbed_view_contact__view_js, flexipage-tabset2, lightning-tabset, lightning-tab-bar]]
    Fix any of the following:
      Some page content is not contained by landmarks


  e) [[one-record-home-flexipage2, forcegenerated-adgrollup_component___forcegenerated__flexipage_recordpage___talent_contact_tabbed_view___contact___view, forcegenerated-flexipage_talent_contact_tabbed_view_contact__view_js, :root &gt; flexipage-aura-wrapper, .split-toggle]]
    Fix any of the following:
      Some page content is not contained by landmarks


  f) [[one-record-home-flexipage2, forcegenerated-adgrollup_component___forcegenerated__flexipage_recordpage___talent_contact_tabbed_view___contact___view, forcegenerated-flexipage_talent_contact_tabbed_view_contact__view_js, :root &gt; flexipage-aura-wrapper, div[data-aura-rendered-by=&quot;\33 208\:0&quot;]]]
    Fix any of the following:
      Some page content is not contained by landmarks


  g) [[one-record-home-flexipage2, forcegenerated-adgrollup_component___forcegenerated__flexipage_recordpage___talent_contact_tabbed_view___contact___view, forcegenerated-flexipage_talent_contact_tabbed_view_contact__view_js, :root &gt; flexipage-aura-wrapper, .slds-grid_align-end]]
    Fix any of the following:
      Some page content is not contained by landmarks


  h) [[one-record-home-flexipage2, forcegenerated-adgrollup_component___forcegenerated__flexipage_recordpage___talent_contact_tabbed_view___contact___view, forcegenerated-flexipage_talent_contact_tabbed_view_contact__view_js, :root &gt; flexipage-aura-wrapper, .cC_TalentAddEditOverviewSection]]
    Fix any of the following:
      Some page content is not contained by landmarks


  i) [[one-record-home-flexipage2, forcegenerated-adgrollup_component___forcegenerated__flexipage_recordpage___talent_contact_tabbed_view___contact___view, forcegenerated-flexipage_talent_contact_tabbed_view_contact__view_js, :root &gt; flexipage-aura-wrapper, .cC_TalentAddEditCompWorkPrefSection]]
    Fix any of the following:
      Some page content is not contained by landmarks


  j) [[one-record-home-flexipage2, forcegenerated-adgrollup_component___forcegenerated__flexipage_recordpage___talent_contact_tabbed_view___contact___view, forcegenerated-flexipage_talent_contact_tabbed_view_contact__view_js, :root &gt; flexipage-aura-wrapper, .cC_TalentAddEditLocationPrefSection]]
    Fix any of the following:
      Some page content is not contained by landmarks


  k) [[one-record-home-flexipage2, forcegenerated-adgrollup_component___forcegenerated__flexipage_recordpage___talent_contact_tabbed_view___contact___view, forcegenerated-flexipage_talent_contact_tabbed_view_contact__view_js, :root &gt; flexipage-aura-wrapper, .slds-m-bottom_small]]
    Fix any of the following:
      Some page content is not contained by landmarks


  l) [[one-record-home-flexipage2, forcegenerated-adgrollup_component___forcegenerated__flexipage_recordpage___talent_contact_tabbed_view___contact___view, forcegenerated-flexipage_talent_contact_tabbed_view_contact__view_js, :root &gt; flexipage-aura-wrapper, span[data-aura-rendered-by=&quot;\32 9\:2294\;a&quot;]]]
    Fix any of the following:
      Some page content is not contained by landmarks


  m) [[one-record-home-flexipage2, forcegenerated-adgrollup_component___forcegenerated__flexipage_recordpage___talent_contact_tabbed_view___contact___view, forcegenerated-flexipage_talent_contact_tabbed_view_contact__view_js, :root &gt; flexipage-aura-wrapper, div[data-aura-rendered-by=&quot;\33 4\:2294\;a&quot;]]]
    Fix any of the following:
      Some page content is not contained by landmarks


  n) [[one-record-home-flexipage2, forcegenerated-adgrollup_component___forcegenerated__flexipage_recordpage___talent_contact_tabbed_view___contact___view, forcegenerated-flexipage_talent_contact_tabbed_view_contact__view_js, :root &gt; flexipage-aura-wrapper, button[data-aura-rendered-by=&quot;\34 3\:2294\;a&quot;]]]
    Fix any of the following:
      Some page content is not contained by landmarks


  o) [[one-record-home-flexipage2, forcegenerated-adgrollup_component___forcegenerated__flexipage_recordpage___talent_contact_tabbed_view___contact___view, forcegenerated-flexipage_talent_contact_tabbed_view_contact__view_js, :root &gt; flexipage-aura-wrapper, .slds-size_4-of-12]]
    Fix any of the following:
      Some page content is not contained by landmarks


  p) [[one-record-home-flexipage2, forcegenerated-adgrollup_component___forcegenerated__flexipage_recordpage___talent_contact_tabbed_view___contact___view, forcegenerated-flexipage_talent_contact_tabbed_view_contact__view_js, :root &gt; flexipage-aura-wrapper, .slds-size_2-of-12]]
    Fix any of the following:
      Some page content is not contained by landmarks


  q) [[one-record-home-flexipage2, forcegenerated-adgrollup_component___forcegenerated__flexipage_recordpage___talent_contact_tabbed_view___contact___view, forcegenerated-flexipage_talent_contact_tabbed_view_contact__view_js, :root &gt; flexipage-aura-wrapper, span[data-aura-rendered-by=&quot;\36 3\:2294\;a&quot;]]]
    Fix any of the following:
      Some page content is not contained by landmarks


  r) [[one-record-home-flexipage2, forcegenerated-adgrollup_component___forcegenerated__flexipage_recordpage___talent_contact_tabbed_view___contact___view, forcegenerated-flexipage_talent_contact_tabbed_view_contact__view_js, :root &gt; flexipage-aura-wrapper, .clear_both]]
    Fix any of the following:
      Some page content is not contained by landmarks


  s) [[one-record-home-flexipage2, forcegenerated-adgrollup_component___forcegenerated__flexipage_recordpage___talent_contact_tabbed_view___contact___view, forcegenerated-flexipage_talent_contact_tabbed_view_contact__view_js, :root &gt; flexipage-aura-wrapper, .esf-link]]
    Fix any of the following:
      Some page content is not contained by landmarks


  t) [[one-record-home-flexipage2, forcegenerated-adgrollup_component___forcegenerated__flexipage_recordpage___talent_contact_tabbed_view___contact___view, forcegenerated-flexipage_talent_contact_tabbed_view_contact__view_js, :root &gt; flexipage-aura-wrapper, .slds-icon-utility-error, .slds-assistive-text]]
    Fix any of the following:
      Some page content is not contained by landmarks


  u) [[one-record-home-flexipage2, forcegenerated-adgrollup_component___forcegenerated__flexipage_recordpage___talent_contact_tabbed_view___contact___view, forcegenerated-flexipage_talent_contact_tabbed_view_contact__view_js, :root &gt; flexipage-aura-wrapper, .slds-inline_icon_text]]
    Fix any of the following:
      Some page content is not contained by landmarks


  v) [[one-record-home-flexipage2, forcegenerated-adgrollup_component___forcegenerated__flexipage_recordpage___talent_contact_tabbed_view___contact___view, forcegenerated-flexipage_talent_contact_tabbed_view_contact__view_js, :root &gt; flexipage-aura-wrapper, div[data-aura-rendered-by=&quot;\33 171\:0&quot;]]]
    Fix any of the following:
      Some page content is not contained by landmarks


  w) [[one-record-home-flexipage2, forcegenerated-adgrollup_component___forcegenerated__flexipage_recordpage___talent_contact_tabbed_view___contact___view, forcegenerated-flexipage_talent_contact_tabbed_view_contact__view_js, :root &gt; flexipage-aura-wrapper, div[data-aura-rendered-by=&quot;\34 \:2326\;a&quot;]]]
    Fix any of the following:
      Some page content is not contained by landmarks


  x) [[one-record-home-flexipage2, forcegenerated-adgrollup_component___forcegenerated__flexipage_recordpage___talent_contact_tabbed_view___contact___view, forcegenerated-flexipage_talent_contact_tabbed_view_contact__view_js, :root &gt; flexipage-aura-wrapper, div[data-aura-rendered-by=&quot;\37 1\:2326\;a&quot;]]]
    Fix any of the following:
      Some page content is not contained by landmarks


  y) [[one-record-home-flexipage2, forcegenerated-adgrollup_component___forcegenerated__flexipage_recordpage___talent_contact_tabbed_view___contact___view, forcegenerated-flexipage_talent_contact_tabbed_view_contact__view_js, :root &gt; flexipage-aura-wrapper, div[data-aura-rendered-by=&quot;\37 8\:2326\;a&quot;]]]
    Fix any of the following:
      Some page content is not contained by landmarks


  z) [[one-record-home-flexipage2, forcegenerated-adgrollup_component___forcegenerated__flexipage_recordpage___talent_contact_tabbed_view___contact___view, forcegenerated-flexipage_talent_contact_tabbed_view_contact__view_js, :root &gt; flexipage-aura-wrapper, c-l-w-c_-base-card-timeline-item[data-data-rendering-service-uid=&quot;\31 037&quot;], c-basecardtimelineitemtask, .act-field-type.slds-truncate[c-basecardtimelineitemtask_basecardtimelineitemtask=&quot;&quot;]]]
    Fix any of the following:
      Some page content is not contained by landmarks


  aa) [[one-record-home-flexipage2, forcegenerated-adgrollup_component___forcegenerated__flexipage_recordpage___talent_contact_tabbed_view___contact___view, forcegenerated-flexipage_talent_contact_tabbed_view_contact__view_js, :root &gt; flexipage-aura-wrapper, c-l-w-c_-base-card-timeline-item[data-data-rendering-service-uid=&quot;\31 037&quot;], c-basecardtimelineitemtask, .slds-size_1-of-4.slds-col[c-basecardtimelineitemtask_basecardtimelineitemtask=&quot;&quot;]:nth-child(2)]]
    Fix any of the following:
      Some page content is not contained by landmarks


  ab) [[one-record-home-flexipage2, forcegenerated-adgrollup_component___forcegenerated__flexipage_recordpage___talent_contact_tabbed_view___contact___view, forcegenerated-flexipage_talent_contact_tabbed_view_contact__view_js, :root &gt; flexipage-aura-wrapper, c-l-w-c_-base-card-timeline-item[data-data-rendering-service-uid=&quot;\31 037&quot;], c-basecardtimelineitemtask, .slds-size_1-of-4.slds-col[c-basecardtimelineitemtask_basecardtimelineitemtask=&quot;&quot;]:nth-child(3)]]
    Fix any of the following:
      Some page content is not contained by landmarks


  ac) [[one-record-home-flexipage2, forcegenerated-adgrollup_component___forcegenerated__flexipage_recordpage___talent_contact_tabbed_view___contact___view, forcegenerated-flexipage_talent_contact_tabbed_view_contact__view_js, :root &gt; flexipage-aura-wrapper, c-l-w-c_-base-card-timeline-item[data-data-rendering-service-uid=&quot;\31 037&quot;], c-basecardtimelineitemtask, .slds-size_1-of-4.slds-col.slds-grid]]
    Fix any of the following:
      Some page content is not contained by landmarks


  ad) [[one-record-home-flexipage2, forcegenerated-adgrollup_component___forcegenerated__flexipage_recordpage___talent_contact_tabbed_view___contact___view, forcegenerated-flexipage_talent_contact_tabbed_view_contact__view_js, :root &gt; flexipage-aura-wrapper, c-l-w-c_-base-card-timeline-item[data-data-rendering-service-uid=&quot;\31 037&quot;], c-basecardtimelineitemtask, .act-sub-label[c-basecardtimelineitemtask_basecardtimelineitemtask=&quot;&quot;]]]
    Fix any of the following:
      Some page content is not contained by landmarks


  ae) [[one-record-home-flexipage2, forcegenerated-adgrollup_component___forcegenerated__flexipage_recordpage___talent_contact_tabbed_view___contact___view, forcegenerated-flexipage_talent_contact_tabbed_view_contact__view_js, :root &gt; flexipage-aura-wrapper, c-l-w-c_-base-card-timeline-item[data-data-rendering-service-uid=&quot;\31 037&quot;], c-basecardtimelineitemtask, :root]]
    Fix any of the following:
      Some page content is not contained by landmarks


  af) [[one-record-home-flexipage2, forcegenerated-adgrollup_component___forcegenerated__flexipage_recordpage___talent_contact_tabbed_view___contact___view, forcegenerated-flexipage_talent_contact_tabbed_view_contact__view_js, :root &gt; flexipage-aura-wrapper, c-l-w-c_-base-card-timeline-item[data-data-rendering-service-uid=&quot;\31 038&quot;], c-basecardtimelineitemtask, .act-field-type.slds-truncate[c-basecardtimelineitemtask_basecardtimelineitemtask=&quot;&quot;]]]
    Fix any of the following:
      Some page content is not contained by landmarks


  ag) [[one-record-home-flexipage2, forcegenerated-adgrollup_component___forcegenerated__flexipage_recordpage___talent_contact_tabbed_view___contact___view, forcegenerated-flexipage_talent_contact_tabbed_view_contact__view_js, :root &gt; flexipage-aura-wrapper, c-l-w-c_-base-card-timeline-item[data-data-rendering-service-uid=&quot;\31 038&quot;], c-basecardtimelineitemtask, .slds-size_1-of-4.slds-col[c-basecardtimelineitemtask_basecardtimelineitemtask=&quot;&quot;]:nth-child(2)]]
    Fix any of the following:
      Some page content is not contained by landmarks


  ah) [[one-record-home-flexipage2, forcegenerated-adgrollup_component___forcegenerated__flexipage_recordpage___talent_contact_tabbed_view___contact___view, forcegenerated-flexipage_talent_contact_tabbed_view_contact__view_js, :root &gt; flexipage-aura-wrapper, c-l-w-c_-base-card-timeline-item[data-data-rendering-service-uid=&quot;\31 038&quot;], c-basecardtimelineitemtask, .slds-size_1-of-4.slds-col[c-basecardtimelineitemtask_basecardtimelineitemtask=&quot;&quot;]:nth-child(3)]]
    Fix any of the following:
      Some page content is not contained by landmarks


  ai) [[one-record-home-flexipage2, forcegenerated-adgrollup_component___forcegenerated__flexipage_recordpage___talent_contact_tabbed_view___contact___view, forcegenerated-flexipage_talent_contact_tabbed_view_contact__view_js, :root &gt; flexipage-aura-wrapper, c-l-w-c_-base-card-timeline-item[data-data-rendering-service-uid=&quot;\31 038&quot;], c-basecardtimelineitemtask, .slds-size_1-of-4.slds-col.slds-grid]]
    Fix any of the following:
      Some page content is not contained by landmarks


  aj) [[one-record-home-flexipage2, forcegenerated-adgrollup_component___forcegenerated__flexipage_recordpage___talent_contact_tabbed_view___contact___view, forcegenerated-flexipage_talent_contact_tabbed_view_contact__view_js, :root &gt; flexipage-aura-wrapper, c-l-w-c_-base-card-timeline-item[data-data-rendering-service-uid=&quot;\31 038&quot;], c-basecardtimelineitemtask, .act-sub-label[c-basecardtimelineitemtask_basecardtimelineitemtask=&quot;&quot;]]]
    Fix any of the following:
      Some page content is not contained by landmarks


  ak) [[one-record-home-flexipage2, forcegenerated-adgrollup_component___forcegenerated__flexipage_recordpage___talent_contact_tabbed_view___contact___view, forcegenerated-flexipage_talent_contact_tabbed_view_contact__view_js, :root &gt; flexipage-aura-wrapper, c-l-w-c_-base-card-timeline-item[data-data-rendering-service-uid=&quot;\31 038&quot;], c-basecardtimelineitemtask, :root]]
    Fix any of the following:
      Some page content is not contained by landmarks


  al) [[one-record-home-flexipage2, forcegenerated-adgrollup_component___forcegenerated__flexipage_recordpage___talent_contact_tabbed_view___contact___view, forcegenerated-flexipage_talent_contact_tabbed_view_contact__view_js, :root &gt; flexipage-aura-wrapper, c-l-w-c_-base-card-timeline-item[data-data-rendering-service-uid=&quot;\31 039&quot;], c-basecardtimelineitemtask, .act-field-type.slds-truncate[c-basecardtimelineitemtask_basecardtimelineitemtask=&quot;&quot;]]]
    Fix any of the following:
      Some page content is not contained by landmarks


  am) [[one-record-home-flexipage2, forcegenerated-adgrollup_component___forcegenerated__flexipage_recordpage___talent_contact_tabbed_view___contact___view, forcegenerated-flexipage_talent_contact_tabbed_view_contact__view_js, :root &gt; flexipage-aura-wrapper, c-l-w-c_-base-card-timeline-item[data-data-rendering-service-uid=&quot;\31 039&quot;], c-basecardtimelineitemtask, .slds-size_1-of-4.slds-col[c-basecardtimelineitemtask_basecardtimelineitemtask=&quot;&quot;]:nth-child(2)]]
    Fix any of the following:
      Some page content is not contained by landmarks


  an) [[one-record-home-flexipage2, forcegenerated-adgrollup_component___forcegenerated__flexipage_recordpage___talent_contact_tabbed_view___contact___view, forcegenerated-flexipage_talent_contact_tabbed_view_contact__view_js, :root &gt; flexipage-aura-wrapper, c-l-w-c_-base-card-timeline-item[data-data-rendering-service-uid=&quot;\31 039&quot;], c-basecardtimelineitemtask, .slds-size_1-of-4.slds-col[c-basecardtimelineitemtask_basecardtimelineitemtask=&quot;&quot;]:nth-child(3)]]
    Fix any of the following:
      Some page content is not contained by landmarks


  ao) [[one-record-home-flexipage2, forcegenerated-adgrollup_component___forcegenerated__flexipage_recordpage___talent_contact_tabbed_view___contact___view, forcegenerated-flexipage_talent_contact_tabbed_view_contact__view_js, :root &gt; flexipage-aura-wrapper, c-l-w-c_-base-card-timeline-item[data-data-rendering-service-uid=&quot;\31 039&quot;], c-basecardtimelineitemtask, .slds-size_1-of-4.slds-col.slds-grid]]
    Fix any of the following:
      Some page content is not contained by landmarks


  ap) [[one-record-home-flexipage2, forcegenerated-adgrollup_component___forcegenerated__flexipage_recordpage___talent_contact_tabbed_view___contact___view, forcegenerated-flexipage_talent_contact_tabbed_view_contact__view_js, :root &gt; flexipage-aura-wrapper, c-l-w-c_-base-card-timeline-item[data-data-rendering-service-uid=&quot;\31 039&quot;], c-basecardtimelineitemtask, .act-sub-label[c-basecardtimelineitemtask_basecardtimelineitemtask=&quot;&quot;]]]
    Fix any of the following:
      Some page content is not contained by landmarks


  aq) [[one-record-home-flexipage2, forcegenerated-adgrollup_component___forcegenerated__flexipage_recordpage___talent_contact_tabbed_view___contact___view, forcegenerated-flexipage_talent_contact_tabbed_view_contact__view_js, :root &gt; flexipage-aura-wrapper, c-l-w-c_-base-card-timeline-item[data-data-rendering-service-uid=&quot;\31 039&quot;], c-basecardtimelineitemtask, :root]]
    Fix any of the following:
      Some page content is not contained by landmarks


  ar) [[one-record-home-flexipage2, forcegenerated-adgrollup_component___forcegenerated__flexipage_recordpage___talent_contact_tabbed_view___contact___view, forcegenerated-flexipage_talent_contact_tabbed_view_contact__view_js, :root &gt; flexipage-aura-wrapper, c-l-w-c_-base-card-timeline-item[data-data-rendering-service-uid=&quot;\31 040&quot;], c-basecardtimelineitemtask, .act-field-type.slds-truncate[c-basecardtimelineitemtask_basecardtimelineitemtask=&quot;&quot;]]]
    Fix any of the following:
      Some page content is not contained by landmarks


  as) [[one-record-home-flexipage2, forcegenerated-adgrollup_component___forcegenerated__flexipage_recordpage___talent_contact_tabbed_view___contact___view, forcegenerated-flexipage_talent_contact_tabbed_view_contact__view_js, :root &gt; flexipage-aura-wrapper, c-l-w-c_-base-card-timeline-item[data-data-rendering-service-uid=&quot;\31 040&quot;], c-basecardtimelineitemtask, .slds-size_1-of-4.slds-col[c-basecardtimelineitemtask_basecardtimelineitemtask=&quot;&quot;]:nth-child(2)]]
    Fix any of the following:
      Some page content is not contained by landmarks


  at) [[one-record-home-flexipage2, forcegenerated-adgrollup_component___forcegenerated__flexipage_recordpage___talent_contact_tabbed_view___contact___view, forcegenerated-flexipage_talent_contact_tabbed_view_contact__view_js, :root &gt; flexipage-aura-wrapper, c-l-w-c_-base-card-timeline-item[data-data-rendering-service-uid=&quot;\31 040&quot;], c-basecardtimelineitemtask, .slds-size_1-of-4.slds-col[c-basecardtimelineitemtask_basecardtimelineitemtask=&quot;&quot;]:nth-child(3)]]
    Fix any of the following:
      Some page content is not contained by landmarks


  au) [[one-record-home-flexipage2, forcegenerated-adgrollup_component___forcegenerated__flexipage_recordpage___talent_contact_tabbed_view___contact___view, forcegenerated-flexipage_talent_contact_tabbed_view_contact__view_js, :root &gt; flexipage-aura-wrapper, c-l-w-c_-base-card-timeline-item[data-data-rendering-service-uid=&quot;\31 040&quot;], c-basecardtimelineitemtask, .slds-size_1-of-4.slds-col.slds-grid]]
    Fix any of the following:
      Some page content is not contained by landmarks


  av) [[one-record-home-flexipage2, forcegenerated-adgrollup_component___forcegenerated__flexipage_recordpage___talent_contact_tabbed_view___contact___view, forcegenerated-flexipage_talent_contact_tabbed_view_contact__view_js, :root &gt; flexipage-aura-wrapper, c-l-w-c_-base-card-timeline-item[data-data-rendering-service-uid=&quot;\31 040&quot;], c-basecardtimelineitemtask, .act-sub-label[c-basecardtimelineitemtask_basecardtimelineitemtask=&quot;&quot;]]]
    Fix any of the following:
      Some page content is not contained by landmarks


  aw) [[one-record-home-flexipage2, forcegenerated-adgrollup_component___forcegenerated__flexipage_recordpage___talent_contact_tabbed_view___contact___view, forcegenerated-flexipage_talent_contact_tabbed_view_contact__view_js, :root &gt; flexipage-aura-wrapper, c-l-w-c_-base-card-timeline-item[data-data-rendering-service-uid=&quot;\31 040&quot;], c-basecardtimelineitemtask, :root]]
    Fix any of the following:
      Some page content is not contained by landmarks


  ax) [[one-record-home-flexipage2, forcegenerated-adgrollup_component___forcegenerated__flexipage_recordpage___talent_contact_tabbed_view___contact___view, forcegenerated-flexipage_talent_contact_tabbed_view_contact__view_js, :root &gt; flexipage-aura-wrapper, c-l-w-c_-base-card-timeline-item[data-data-rendering-service-uid=&quot;\31 041&quot;], c-basecardtimelineitemtask, .act-field-type.slds-truncate[c-basecardtimelineitemtask_basecardtimelineitemtask=&quot;&quot;]]]
    Fix any of the following:
      Some page content is not contained by landmarks


  ay) [[one-record-home-flexipage2, forcegenerated-adgrollup_component___forcegenerated__flexipage_recordpage___talent_contact_tabbed_view___contact___view, forcegenerated-flexipage_talent_contact_tabbed_view_contact__view_js, :root &gt; flexipage-aura-wrapper, c-l-w-c_-base-card-timeline-item[data-data-rendering-service-uid=&quot;\31 041&quot;], c-basecardtimelineitemtask, .slds-size_1-of-4.slds-col[c-basecardtimelineitemtask_basecardtimelineitemtask=&quot;&quot;]:nth-child(2)]]
    Fix any of the following:
      Some page content is not contained by landmarks


  az) [[one-record-home-flexipage2, forcegenerated-adgrollup_component___forcegenerated__flexipage_recordpage___talent_contact_tabbed_view___contact___view, forcegenerated-flexipage_talent_contact_tabbed_view_contact__view_js, :root &gt; flexipage-aura-wrapper, c-l-w-c_-base-card-timeline-item[data-data-rendering-service-uid=&quot;\31 041&quot;], c-basecardtimelineitemtask, .slds-size_1-of-4.slds-col[c-basecardtimelineitemtask_basecardtimelineitemtask=&quot;&quot;]:nth-child(3)]]
    Fix any of the following:
      Some page content is not contained by landmarks


  ba) [[one-record-home-flexipage2, forcegenerated-adgrollup_component___forcegenerated__flexipage_recordpage___talent_contact_tabbed_view___contact___view, forcegenerated-flexipage_talent_contact_tabbed_view_contact__view_js, :root &gt; flexipage-aura-wrapper, c-l-w-c_-base-card-timeline-item[data-data-rendering-service-uid=&quot;\31 041&quot;], c-basecardtimelineitemtask, .slds-size_1-of-4.slds-col.slds-grid]]
    Fix any of the following:
      Some page content is not contained by landmarks


  bb) [[one-record-home-flexipage2, forcegenerated-adgrollup_component___forcegenerated__flexipage_recordpage___talent_contact_tabbed_view___contact___view, forcegenerated-flexipage_talent_contact_tabbed_view_contact__view_js, :root &gt; flexipage-aura-wrapper, c-l-w-c_-base-card-timeline-item[data-data-rendering-service-uid=&quot;\31 041&quot;], c-basecardtimelineitemtask, .act-sub-label[c-basecardtimelineitemtask_basecardtimelineitemtask=&quot;&quot;]]]
    Fix any of the following:
      Some page content is not contained by landmarks


  bc) [[one-record-home-flexipage2, forcegenerated-adgrollup_component___forcegenerated__flexipage_recordpage___talent_contact_tabbed_view___contact___view, forcegenerated-flexipage_talent_contact_tabbed_view_contact__view_js, :root &gt; flexipage-aura-wrapper, c-l-w-c_-base-card-timeline-item[data-data-rendering-service-uid=&quot;\31 041&quot;], c-basecardtimelineitemtask, :root]]
    Fix any of the following:
      Some page content is not contained by landmarks


  bd) [[one-record-home-flexipage2, forcegenerated-adgrollup_component___forcegenerated__flexipage_recordpage___talent_contact_tabbed_view___contact___view, forcegenerated-flexipage_talent_contact_tabbed_view_contact__view_js, :root &gt; flexipage-aura-wrapper, c-l-w-c_-base-card-timeline-item[data-data-rendering-service-uid=&quot;\31 042&quot;], c-basecardtimelineitemtask, .act-field-type.slds-truncate[c-basecardtimelineitemtask_basecardtimelineitemtask=&quot;&quot;]]]
    Fix any of the following:
      Some page content is not contained by landmarks


  be) [[one-record-home-flexipage2, forcegenerated-adgrollup_component___forcegenerated__flexipage_recordpage___talent_contact_tabbed_view___contact___view, forcegenerated-flexipage_talent_contact_tabbed_view_contact__view_js, :root &gt; flexipage-aura-wrapper, c-l-w-c_-base-card-timeline-item[data-data-rendering-service-uid=&quot;\31 042&quot;], c-basecardtimelineitemtask, .slds-size_1-of-4.slds-col[c-basecardtimelineitemtask_basecardtimelineitemtask=&quot;&quot;]:nth-child(2)]]
    Fix any of the following:
      Some page content is not contained by landmarks


  bf) [[one-record-home-flexipage2, forcegenerated-adgrollup_component___forcegenerated__flexipage_recordpage___talent_contact_tabbed_view___contact___view, forcegenerated-flexipage_talent_contact_tabbed_view_contact__view_js, :root &gt; flexipage-aura-wrapper, c-l-w-c_-base-card-timeline-item[data-data-rendering-service-uid=&quot;\31 042&quot;], c-basecardtimelineitemtask, .slds-size_1-of-4.slds-col[c-basecardtimelineitemtask_basecardtimelineitemtask=&quot;&quot;]:nth-child(3)]]
    Fix any of the following:
      Some page content is not contained by landmarks


  bg) [[one-record-home-flexipage2, forcegenerated-adgrollup_component___forcegenerated__flexipage_recordpage___talent_contact_tabbed_view___contact___view, forcegenerated-flexipage_talent_contact_tabbed_view_contact__view_js, :root &gt; flexipage-aura-wrapper, c-l-w-c_-base-card-timeline-item[data-data-rendering-service-uid=&quot;\31 042&quot;], c-basecardtimelineitemtask, .slds-size_1-of-4.slds-col.slds-grid]]
    Fix any of the following:
      Some page content is not contained by landmarks


  bh) [[one-record-home-flexipage2, forcegenerated-adgrollup_component___forcegenerated__flexipage_recordpage___talent_contact_tabbed_view___contact___view, forcegenerated-flexipage_talent_contact_tabbed_view_contact__view_js, :root &gt; flexipage-aura-wrapper, c-l-w-c_-base-card-timeline-item[data-data-rendering-service-uid=&quot;\31 042&quot;], c-basecardtimelineitemtask, .act-sub-label[c-basecardtimelineitemtask_basecardtimelineitemtask=&quot;&quot;]]]
    Fix any of the following:
      Some page content is not contained by landmarks


  bi) [[one-record-home-flexipage2, forcegenerated-adgrollup_component___forcegenerated__flexipage_recordpage___talent_contact_tabbed_view___contact___view, forcegenerated-flexipage_talent_contact_tabbed_view_contact__view_js, :root &gt; flexipage-aura-wrapper, c-l-w-c_-base-card-timeline-item[data-data-rendering-service-uid=&quot;\31 042&quot;], c-basecardtimelineitemtask, :root]]
    Fix any of the following:
      Some page content is not contained by landmarks


  bj) [[one-record-home-flexipage2, forcegenerated-adgrollup_component___forcegenerated__flexipage_recordpage___talent_contact_tabbed_view___contact___view, forcegenerated-flexipage_talent_contact_tabbed_view_contact__view_js, :root &gt; flexipage-aura-wrapper, c-l-w-c_-base-card-timeline-item[data-data-rendering-service-uid=&quot;\31 043&quot;], c-basecardtimelineitemtask, .act-field-type.slds-truncate[c-basecardtimelineitemtask_basecardtimelineitemtask=&quot;&quot;]]]
    Fix any of the following:
      Some page content is not contained by landmarks


  bk) [[one-record-home-flexipage2, forcegenerated-adgrollup_component___forcegenerated__flexipage_recordpage___talent_contact_tabbed_view___contact___view, forcegenerated-flexipage_talent_contact_tabbed_view_contact__view_js, :root &gt; flexipage-aura-wrapper, c-l-w-c_-base-card-timeline-item[data-data-rendering-service-uid=&quot;\31 043&quot;], c-basecardtimelineitemtask, .slds-size_1-of-4.slds-col[c-basecardtimelineitemtask_basecardtimelineitemtask=&quot;&quot;]:nth-child(2)]]
    Fix any of the following:
      Some page content is not contained by landmarks


  bl) [[one-record-home-flexipage2, forcegenerated-adgrollup_component___forcegenerated__flexipage_recordpage___talent_contact_tabbed_view___contact___view, forcegenerated-flexipage_talent_contact_tabbed_view_contact__view_js, :root &gt; flexipage-aura-wrapper, c-l-w-c_-base-card-timeline-item[data-data-rendering-service-uid=&quot;\31 043&quot;], c-basecardtimelineitemtask, .slds-size_1-of-4.slds-col[c-basecardtimelineitemtask_basecardtimelineitemtask=&quot;&quot;]:nth-child(3)]]
    Fix any of the following:
      Some page content is not contained by landmarks


  bm) [[one-record-home-flexipage2, forcegenerated-adgrollup_component___forcegenerated__flexipage_recordpage___talent_contact_tabbed_view___contact___view, forcegenerated-flexipage_talent_contact_tabbed_view_contact__view_js, :root &gt; flexipage-aura-wrapper, c-l-w-c_-base-card-timeline-item[data-data-rendering-service-uid=&quot;\31 043&quot;], c-basecardtimelineitemtask, .slds-size_1-of-4.slds-col.slds-grid]]
    Fix any of the following:
      Some page content is not contained by landmarks


  bn) [[one-record-home-flexipage2, forcegenerated-adgrollup_component___forcegenerated__flexipage_recordpage___talent_contact_tabbed_view___contact___view, forcegenerated-flexipage_talent_contact_tabbed_view_contact__view_js, :root &gt; flexipage-aura-wrapper, c-l-w-c_-base-card-timeline-item[data-data-rendering-service-uid=&quot;\31 043&quot;], c-basecardtimelineitemtask, .act-sub-label[c-basecardtimelineitemtask_basecardtimelineitemtask=&quot;&quot;]]]
    Fix any of the following:
      Some page content is not contained by landmarks


  bo) [[one-record-home-flexipage2, forcegenerated-adgrollup_component___forcegenerated__flexipage_recordpage___talent_contact_tabbed_view___contact___view, forcegenerated-flexipage_talent_contact_tabbed_view_contact__view_js, :root &gt; flexipage-aura-wrapper, c-l-w-c_-base-card-timeline-item[data-data-rendering-service-uid=&quot;\31 043&quot;], c-basecardtimelineitemtask, :root]]
    Fix any of the following:
      Some page content is not contained by landmarks


  bp) [.slds-utility-bar_container]
    Fix any of the following:
      Some page content is not contained by landmarks


Executed Command: var cb = arguments[arguments.length-1]; axe.run(function (err, results) {  if (err) {    results = {      violations: [],      passes: [],      url: &#039;&#039;,      timestamp: new Date().toString(),      errorMessage: err.message    }  }cb(results)})

" type="java.lang.AssertionError">
      <![CDATA[java.lang.AssertionError: 
Expected: No accessibility violations to be found!
     but: Found 20 accessibility violations:
1) Elements must only use allowed ARIA attributes: https://dequeuniversity.com/rules/axe/3.5/aria-allowed-attr?application=axeAPI
  a) [[one-record-home-flexipage2, forcegenerated-adgrollup_component___forcegenerated__flexipage_recordpage___talent_contact_tabbed_view___contact___view, forcegenerated-flexipage_talent_contact_tabbed_view_contact__view_js, :root > flexipage-aura-wrapper, a[aria-describedby="\31 53\:2598\;a-label"]]]
    Fix any of the following:
      ARIA attribute is not allowed: aria-required="true"


  b) [[one-record-home-flexipage2, forcegenerated-adgrollup_component___forcegenerated__flexipage_recordpage___talent_contact_tabbed_view___contact___view, forcegenerated-flexipage_talent_contact_tabbed_view_contact__view_js, :root > flexipage-aura-wrapper, #\34 49848c7fa]]
    Fix any of the following:
      ARIA attribute is not allowed: aria-expanded="false"


  c) [[one-record-home-flexipage2, forcegenerated-adgrollup_component___forcegenerated__flexipage_recordpage___talent_contact_tabbed_view___contact___view, forcegenerated-flexipage_talent_contact_tabbed_view_contact__view_js, :root > flexipage-aura-wrapper, a[aria-describedby="\32 44\:2598\;a-label"]]]
    Fix any of the following:
      ARIA attribute is not allowed: aria-required="true"


  d) [[one-record-home-flexipage2, forcegenerated-adgrollup_component___forcegenerated__flexipage_recordpage___talent_contact_tabbed_view___contact___view, forcegenerated-flexipage_talent_contact_tabbed_view_contact__view_js, :root > flexipage-aura-wrapper, a[aria-describedby="\32 92\:2598\;a-label"]]]
    Fix any of the following:
      ARIA attribute is not allowed: aria-required="true"


2) ARIA input fields have an accessible name: https://dequeuniversity.com/rules/axe/3.5/aria-input-field-name?application=axeAPI
  a) [[one-record-home-flexipage2, forcegenerated-adgrollup_component___forcegenerated__flexipage_recordpage___talent_contact_tabbed_view___contact___view, forcegenerated-flexipage_talent_contact_tabbed_view_contact__view_js, :root > flexipage-aura-wrapper, #listbox-unique-id]]
    Fix any of the following:
      aria-label attribute does not exist or is empty
      aria-labelledby attribute does not exist, references elements that do not exist or references elements that are empty
      Element has no title attribute or the title attribute is empty


3) Certain ARIA roles must contain particular children: https://dequeuniversity.com/rules/axe/3.5/aria-required-children?application=axeAPI
  a) [[one-record-home-flexipage2, forcegenerated-adgrollup_component___forcegenerated__flexipage_recordpage___talent_contact_tabbed_view___contact___view, forcegenerated-flexipage_talent_contact_tabbed_view_contact__view_js, :root > flexipage-aura-wrapper, #listbox-unique-id]]
    Fix any of the following:
      Required ARIA child role not present: option


4) Certain ARIA roles must be contained by particular parents: https://dequeuniversity.com/rules/axe/3.5/aria-required-parent?application=axeAPI
  a) [[one-record-home-flexipage2, forcegenerated-adgrollup_component___forcegenerated__flexipage_recordpage___talent_contact_tabbed_view___contact___view, forcegenerated-flexipage_talent_contact_tabbed_view_contact__view_js, :root > flexipage-aura-wrapper, #tlp-header-icon]]
    Fix any of the following:
      Required ARIA parent role not present: tablist


5) ARIA roles used must conform to valid values: https://dequeuniversity.com/rules/axe/3.5/aria-roles?application=axeAPI
  a) [[one-record-home-flexipage2, forcegenerated-adgrollup_component___forcegenerated__flexipage_recordpage___talent_contact_tabbed_view___contact___view, forcegenerated-flexipage_talent_contact_tabbed_view_contact__view_js, :root > flexipage-aura-wrapper, #tlp-header-back]]
    Fix all of the following:
      Role must be one of the valid ARIA roles: Tab


  b) [[one-record-home-flexipage2, forcegenerated-adgrollup_component___forcegenerated__flexipage_recordpage___talent_contact_tabbed_view___contact___view, forcegenerated-flexipage_talent_contact_tabbed_view_contact__view_js, :root > flexipage-aura-wrapper, .cC_LinkedInIcon]]
    Fix all of the following:
      Use only one role value, since fallback roles are not supported in older browsers


6) ARIA attributes must conform to valid values: https://dequeuniversity.com/rules/axe/3.5/aria-valid-attr-value?application=axeAPI
  a) [[lightning-grouped-combobox, lightning-base-combobox[data-lookup="true"], #input-5]]
    Fix all of the following:
      Invalid ARIA attribute value: aria-controls="dropdown-element-5"


  b) [[one-record-home-flexipage2, forcegenerated-adgrollup_component___forcegenerated__flexipage_recordpage___talent_contact_tabbed_view___contact___view, forcegenerated-flexipage_talent_contact_tabbed_view_contact__view_js, flexipage-tabset2, lightning-tabset, lightning-tab-bar, #detailTab2__item]]
    Fix all of the following:
      Invalid ARIA attribute value: aria-controls="tab-3"


  c) [[one-record-home-flexipage2, forcegenerated-adgrollup_component___forcegenerated__flexipage_recordpage___talent_contact_tabbed_view___contact___view, forcegenerated-flexipage_talent_contact_tabbed_view_contact__view_js, #tab-3]]
    Fix all of the following:
      Invalid ARIA attribute value: aria-labelledby="detailTab2__item"


  d) [[one-record-home-flexipage2, forcegenerated-adgrollup_component___forcegenerated__flexipage_recordpage___talent_contact_tabbed_view___contact___view, forcegenerated-flexipage_talent_contact_tabbed_view_contact__view_js, :root > flexipage-aura-wrapper, div[aria-labelledby="OwnerId"]]]
    Fix all of the following:
      Invalid ARIA attribute value: aria-labelledby="OwnerId"


  e) [[one-record-home-flexipage2, forcegenerated-adgrollup_component___forcegenerated__flexipage_recordpage___talent_contact_tabbed_view___contact___view, forcegenerated-flexipage_talent_contact_tabbed_view_contact__view_js, :root > flexipage-aura-wrapper, div[aria-labelledby="Type"]]]
    Fix all of the following:
      Invalid ARIA attribute value: aria-labelledby="Type"


  f) [[one-record-home-flexipage2, forcegenerated-adgrollup_component___forcegenerated__flexipage_recordpage___talent_contact_tabbed_view___contact___view, forcegenerated-flexipage_talent_contact_tabbed_view_contact__view_js, :root > flexipage-aura-wrapper, div[aria-labelledby="related_to"]]]
    Fix all of the following:
      Invalid ARIA attribute value: aria-labelledby="related_to"


  g) [[one-record-home-flexipage2, forcegenerated-adgrollup_component___forcegenerated__flexipage_recordpage___talent_contact_tabbed_view___contact___view, forcegenerated-flexipage_talent_contact_tabbed_view_contact__view_js, :root > flexipage-aura-wrapper, div[aria-labelledby="Subject"]]]
    Fix all of the following:
      Invalid ARIA attribute value: aria-labelledby="Subject"


  h) [[one-record-home-flexipage2, forcegenerated-adgrollup_component___forcegenerated__flexipage_recordpage___talent_contact_tabbed_view___contact___view, forcegenerated-flexipage_talent_contact_tabbed_view_contact__view_js, :root > flexipage-aura-wrapper, div[aria-labelledby="Priority"]]]
    Fix all of the following:
      Invalid ARIA attribute value: aria-labelledby="Priority"


  i) [[one-record-home-flexipage2, forcegenerated-adgrollup_component___forcegenerated__flexipage_recordpage___talent_contact_tabbed_view___contact___view, forcegenerated-flexipage_talent_contact_tabbed_view_contact__view_js, :root > flexipage-aura-wrapper, div[aria-labelledby="ActivityDate"]]]
    Fix all of the following:
      Invalid ARIA attribute value: aria-labelledby="ActivityDate"


  j) [[one-record-home-flexipage2, forcegenerated-adgrollup_component___forcegenerated__flexipage_recordpage___talent_contact_tabbed_view___contact___view, forcegenerated-flexipage_talent_contact_tabbed_view_contact__view_js, :root > flexipage-aura-wrapper, div[aria-labelledby="RepeatThisTask"]]]
    Fix all of the following:
      Invalid ARIA attribute value: aria-labelledby="RepeatThisTask"


  k) [[one-record-home-flexipage2, forcegenerated-adgrollup_component___forcegenerated__flexipage_recordpage___talent_contact_tabbed_view___contact___view, forcegenerated-flexipage_talent_contact_tabbed_view_contact__view_js, :root > flexipage-aura-wrapper, div[aria-labelledby="Comments"]]]
    Fix all of the following:
      Invalid ARIA attribute value: aria-labelledby="Comments"


7) Buttons must have discernible text: https://dequeuniversity.com/rules/axe/3.5/button-name?application=axeAPI
  a) [[one-record-home-flexipage2, forcegenerated-adgrollup_component___forcegenerated__flexipage_recordpage___talent_contact_tabbed_view___contact___view, forcegenerated-flexipage_talent_contact_tabbed_view_contact__view_js, :root > flexipage-aura-wrapper, a[data-aura-rendered-by="\32 499\:0"]]]
    Fix any of the following:
      Element does not have inner text that is visible to screen readers
      aria-label attribute does not exist or is empty
      aria-labelledby attribute does not exist, references elements that do not exist or references elements that are empty
      Element's default semantics were not overridden with role="presentation"
      Element's default semantics were not overridden with role="none"
      Element has no title attribute or the title attribute is empty


  b) [[one-record-home-flexipage2, forcegenerated-adgrollup_component___forcegenerated__flexipage_recordpage___talent_contact_tabbed_view___contact___view, forcegenerated-flexipage_talent_contact_tabbed_view_contact__view_js, :root > flexipage-aura-wrapper, a[data-aura-rendered-by="\32 584\:0"]]]
    Fix any of the following:
      Element does not have inner text that is visible to screen readers
      aria-label attribute does not exist or is empty
      aria-labelledby attribute does not exist, references elements that do not exist or references elements that are empty
      Element's default semantics were not overridden with role="presentation"
      Element's default semantics were not overridden with role="none"
      Element has no title attribute or the title attribute is empty


  c) [[one-record-home-flexipage2, forcegenerated-adgrollup_component___forcegenerated__flexipage_recordpage___talent_contact_tabbed_view___contact___view, forcegenerated-flexipage_talent_contact_tabbed_view_contact__view_js, :root > flexipage-aura-wrapper, button[data-aura-rendered-by="\34 3\:2294\;a"]]]
    Fix any of the following:
      Element does not have inner text that is visible to screen readers
      aria-label attribute does not exist or is empty
      aria-labelledby attribute does not exist, references elements that do not exist or references elements that are empty
      Element's default semantics were not overridden with role="presentation"
      Element's default semantics were not overridden with role="none"
      Element has no title attribute or the title attribute is empty


  d) [[one-record-home-flexipage2, forcegenerated-adgrollup_component___forcegenerated__flexipage_recordpage___talent_contact_tabbed_view___contact___view, forcegenerated-flexipage_talent_contact_tabbed_view_contact__view_js, :root > flexipage-aura-wrapper, .act-btn-class]]
    Fix any of the following:
      Element does not have inner text that is visible to screen readers
      aria-label attribute does not exist or is empty
      aria-labelledby attribute does not exist, references elements that do not exist or references elements that are empty
      Element's default semantics were not overridden with role="presentation"
      Element's default semantics were not overridden with role="none"
      Element has no title attribute or the title attribute is empty


  e) [button[data-aura-rendered-by="\34 11\:0"]]
    Fix any of the following:
      Element does not have inner text that is visible to screen readers
      aria-label attribute does not exist or is empty
      aria-labelledby attribute does not exist, references elements that do not exist or references elements that are empty
      Element's default semantics were not overridden with role="presentation"
      Element's default semantics were not overridden with role="none"
      Element has no title attribute or the title attribute is empty


8) <dl> elements must only directly contain properly-ordered <dt> and <dd> groups, <script> or <template> elements: https://dequeuniversity.com/rules/axe/3.5/definition-list?application=axeAPI
  a) [[one-record-home-flexipage2, forcegenerated-adgrollup_component___forcegenerated__flexipage_recordpage___talent_contact_tabbed_view___contact___view, forcegenerated-flexipage_talent_contact_tabbed_view_contact__view_js, :root > flexipage-aura-wrapper, dl[data-aura-rendered-by="\39 1\:2294\;a"]]]
    Fix all of the following:
      List element has direct children that are not allowed inside <dt> or <dd> elements


  b) [[one-record-home-flexipage2, forcegenerated-adgrollup_component___forcegenerated__flexipage_recordpage___talent_contact_tabbed_view___contact___view, forcegenerated-flexipage_talent_contact_tabbed_view_contact__view_js, :root > flexipage-aura-wrapper, dl[data-aura-rendered-by="\31 10\:2294\;a"]]]
    Fix all of the following:
      List element has direct children that are not allowed inside <dt> or <dd> elements


9) <dt> and <dd> elements must be contained by a <dl>: https://dequeuniversity.com/rules/axe/3.5/dlitem?application=axeAPI
  a) [[one-record-home-flexipage2, forcegenerated-adgrollup_component___forcegenerated__flexipage_recordpage___talent_contact_tabbed_view___contact___view, forcegenerated-flexipage_talent_contact_tabbed_view_contact__view_js, :root > flexipage-aura-wrapper, dt[title="Job\&nbsp\;Title\:"]]]
    Fix any of the following:
      Description list item does not have a <dl> parent element


  b) [[one-record-home-flexipage2, forcegenerated-adgrollup_component___forcegenerated__flexipage_recordpage___talent_contact_tabbed_view___contact___view, forcegenerated-flexipage_talent_contact_tabbed_view_contact__view_js, :root > flexipage-aura-wrapper, dd[data-aura-rendered-by="\38 2\:2294\;a"]]]
    Fix any of the following:
      Description list item does not have a <dl> parent element


  c) [[one-record-home-flexipage2, forcegenerated-adgrollup_component___forcegenerated__flexipage_recordpage___talent_contact_tabbed_view___contact___view, forcegenerated-flexipage_talent_contact_tabbed_view_contact__view_js, :root > flexipage-aura-wrapper, dt[title="Main\&nbsp\;Skill\:"]]]
    Fix any of the following:
      Description list item does not have a <dl> parent element


  d) [[one-record-home-flexipage2, forcegenerated-adgrollup_component___forcegenerated__flexipage_recordpage___talent_contact_tabbed_view___contact___view, forcegenerated-flexipage_talent_contact_tabbed_view_contact__view_js, :root > flexipage-aura-wrapper, dd[data-aura-rendered-by="\31 01\:2294\;a"]]]
    Fix any of the following:
      Description list item does not have a <dl> parent element


10) id attribute value must be unique: https://dequeuniversity.com/rules/axe/3.5/duplicate-id?application=axeAPI
  a) [[one-record-home-flexipage2, forcegenerated-adgrollup_component___forcegenerated__flexipage_recordpage___talent_contact_tabbed_view___contact___view, forcegenerated-flexipage_talent_contact_tabbed_view_contact__view_js, :root > flexipage-aura-wrapper, div[data-aura-rendered-by="\33 397\:0"]]]
    Fix any of the following:
      Document has multiple static elements with the same id attribute


  b) [[one-record-home-flexipage2, forcegenerated-adgrollup_component___forcegenerated__flexipage_recordpage___talent_contact_tabbed_view___contact___view, forcegenerated-flexipage_talent_contact_tabbed_view_contact__view_js, :root > flexipage-aura-wrapper, div[data-aura-rendered-by="\33 407\:0"]]]
    Fix any of the following:
      Document has multiple static elements with the same id attribute


  c) [[one-record-home-flexipage2, forcegenerated-adgrollup_component___forcegenerated__flexipage_recordpage___talent_contact_tabbed_view___contact___view, forcegenerated-flexipage_talent_contact_tabbed_view_contact__view_js, :root > flexipage-aura-wrapper, div[data-aura-rendered-by="\33 417\:0"]]]
    Fix any of the following:
      Document has multiple static elements with the same id attribute


  d) [[one-record-home-flexipage2, forcegenerated-adgrollup_component___forcegenerated__flexipage_recordpage___talent_contact_tabbed_view___contact___view, forcegenerated-flexipage_talent_contact_tabbed_view_contact__view_js, :root > flexipage-aura-wrapper, h2[data-aura-rendered-by="\33 431\:0"]]]
    Fix any of the following:
      Document has multiple static elements with the same id attribute


  e) [[one-record-home-flexipage2, forcegenerated-adgrollup_component___forcegenerated__flexipage_recordpage___talent_contact_tabbed_view___contact___view, forcegenerated-flexipage_talent_contact_tabbed_view_contact__view_js, :root > flexipage-aura-wrapper, div[data-aura-rendered-by="\33 439\:0"]]]
    Fix any of the following:
      Document has multiple static elements with the same id attribute


  f) [[one-record-home-flexipage2, forcegenerated-adgrollup_component___forcegenerated__flexipage_recordpage___talent_contact_tabbed_view___contact___view, forcegenerated-flexipage_talent_contact_tabbed_view_contact__view_js, :root > flexipage-aura-wrapper, div[data-aura-rendered-by="\33 441\:0"]]]
    Fix any of the following:
      Document has multiple static elements with the same id attribute


11) Headings must not be empty: https://dequeuniversity.com/rules/axe/3.5/empty-heading?application=axeAPI
  a) [[one-record-home-flexipage2, forcegenerated-adgrollup_component___forcegenerated__flexipage_recordpage___talent_contact_tabbed_view___contact___view, forcegenerated-flexipage_talent_contact_tabbed_view_contact__view_js, :root > flexipage-aura-wrapper, h2[data-aura-rendered-by="\33 204\:0"]]]
    Fix any of the following:
      Element does not have text that is visible to screen readers


  b) [[one-record-home-flexipage2, forcegenerated-adgrollup_component___forcegenerated__flexipage_recordpage___talent_contact_tabbed_view___contact___view, forcegenerated-flexipage_talent_contact_tabbed_view_contact__view_js, :root > flexipage-aura-wrapper, h2[data-aura-rendered-by="\32 931\:0"]]]
    Fix any of the following:
      Element does not have text that is visible to screen readers


12) Heading levels should only increase by one: https://dequeuniversity.com/rules/axe/3.5/heading-order?application=axeAPI
  a) [[one-record-home-flexipage2, forcegenerated-adgrollup_component___forcegenerated__flexipage_recordpage___talent_contact_tabbed_view___contact___view, forcegenerated-flexipage_talent_contact_tabbed_view_contact__view_js, :root > flexipage-aura-wrapper, #tlp-title\ slds-truncate]]
    Fix any of the following:
      Heading order invalid


13) Form elements must have labels: https://dequeuniversity.com/rules/axe/3.5/label?application=axeAPI
  a) [[lightning-grouped-combobox, lightning-base-combobox[data-lookup="true"], #input-5]]
    Fix any of the following:
      aria-label attribute does not exist or is empty
      aria-labelledby attribute does not exist, references elements that do not exist or references elements that are empty
      Form element does not have an implicit (wrapped) <label>
      Form element does not have an explicit <label>
      Element has no title attribute or the title attribute is empty


  b) [[one-record-home-flexipage2, forcegenerated-adgrollup_component___forcegenerated__flexipage_recordpage___talent_contact_tabbed_view___contact___view, forcegenerated-flexipage_talent_contact_tabbed_view_contact__view_js, :root > flexipage-aura-wrapper, #\34 49848c7fa]]
    Fix any of the following:
      aria-label attribute does not exist or is empty
      aria-labelledby attribute does not exist, references elements that do not exist or references elements that are empty
      Form element does not have an implicit (wrapped) <label>
      Form element does not have an explicit <label>
      Element has no title attribute or the title attribute is empty


  c) [[one-record-home-flexipage2, forcegenerated-adgrollup_component___forcegenerated__flexipage_recordpage___talent_contact_tabbed_view___contact___view, forcegenerated-flexipage_talent_contact_tabbed_view_contact__view_js, :root > flexipage-aura-wrapper, #\32 24\:2598\;a]]
    Fix all of the following:
      Form element has explicit <label> that is hidden


  d) [[one-record-home-flexipage2, forcegenerated-adgrollup_component___forcegenerated__flexipage_recordpage___talent_contact_tabbed_view___contact___view, forcegenerated-flexipage_talent_contact_tabbed_view_contact__view_js, :root > flexipage-aura-wrapper, #\33 35\:2598\;a]]
    Fix all of the following:
      Form element has explicit <label> that is hidden


[...]
    Fix any of the following:
      Some page content is not contained by landmarks


  ai) [[one-record-home-flexipage2, forcegenerated-adgrollup_component___forcegenerated__flexipage_recordpage___talent_contact_tabbed_view___contact___view, forcegenerated-flexipage_talent_contact_tabbed_view_contact__view_js, :root > flexipage-aura-wrapper, c-l-w-c_-base-card-timeline-item[data-data-rendering-service-uid="\31 038"], c-basecardtimelineitemtask, .slds-size_1-of-4.slds-col.slds-grid]]
    Fix any of the following:
      Some page content is not contained by landmarks


  aj) [[one-record-home-flexipage2, forcegenerated-adgrollup_component___forcegenerated__flexipage_recordpage___talent_contact_tabbed_view___contact___view, forcegenerated-flexipage_talent_contact_tabbed_view_contact__view_js, :root > flexipage-aura-wrapper, c-l-w-c_-base-card-timeline-item[data-data-rendering-service-uid="\31 038"], c-basecardtimelineitemtask, .act-sub-label[c-basecardtimelineitemtask_basecardtimelineitemtask=""]]]
    Fix any of the following:
      Some page content is not contained by landmarks


  ak) [[one-record-home-flexipage2, forcegenerated-adgrollup_component___forcegenerated__flexipage_recordpage___talent_contact_tabbed_view___contact___view, forcegenerated-flexipage_talent_contact_tabbed_view_contact__view_js, :root > flexipage-aura-wrapper, c-l-w-c_-base-card-timeline-item[data-data-rendering-service-uid="\31 038"], c-basecardtimelineitemtask, :root]]
    Fix any of the following:
      Some page content is not contained by landmarks


  al) [[one-record-home-flexipage2, forcegenerated-adgrollup_component___forcegenerated__flexipage_recordpage___talent_contact_tabbed_view___contact___view, forcegenerated-flexipage_talent_contact_tabbed_view_contact__view_js, :root > flexipage-aura-wrapper, c-l-w-c_-base-card-timeline-item[data-data-rendering-service-uid="\31 039"], c-basecardtimelineitemtask, .act-field-type.slds-truncate[c-basecardtimelineitemtask_basecardtimelineitemtask=""]]]
    Fix any of the following:
      Some page content is not contained by landmarks


  am) [[one-record-home-flexipage2, forcegenerated-adgrollup_component___forcegenerated__flexipage_recordpage___talent_contact_tabbed_view___contact___view, forcegenerated-flexipage_talent_contact_tabbed_view_contact__view_js, :root > flexipage-aura-wrapper, c-l-w-c_-base-card-timeline-item[data-data-rendering-service-uid="\31 039"], c-basecardtimelineitemtask, .slds-size_1-of-4.slds-col[c-basecardtimelineitemtask_basecardtimelineitemtask=""]:nth-child(2)]]
    Fix any of the following:
      Some page content is not contained by landmarks


  an) [[one-record-home-flexipage2, forcegenerated-adgrollup_component___forcegenerated__flexipage_recordpage___talent_contact_tabbed_view___contact___view, forcegenerated-flexipage_talent_contact_tabbed_view_contact__view_js, :root > flexipage-aura-wrapper, c-l-w-c_-base-card-timeline-item[data-data-rendering-service-uid="\31 039"], c-basecardtimelineitemtask, .slds-size_1-of-4.slds-col[c-basecardtimelineitemtask_basecardtimelineitemtask=""]:nth-child(3)]]
    Fix any of the following:
      Some page content is not contained by landmarks


  ao) [[one-record-home-flexipage2, forcegenerated-adgrollup_component___forcegenerated__flexipage_recordpage___talent_contact_tabbed_view___contact___view, forcegenerated-flexipage_talent_contact_tabbed_view_contact__view_js, :root > flexipage-aura-wrapper, c-l-w-c_-base-card-timeline-item[data-data-rendering-service-uid="\31 039"], c-basecardtimelineitemtask, .slds-size_1-of-4.slds-col.slds-grid]]
    Fix any of the following:
      Some page content is not contained by landmarks


  ap) [[one-record-home-flexipage2, forcegenerated-adgrollup_component___forcegenerated__flexipage_recordpage___talent_contact_tabbed_view___contact___view, forcegenerated-flexipage_talent_contact_tabbed_view_contact__view_js, :root > flexipage-aura-wrapper, c-l-w-c_-base-card-timeline-item[data-data-rendering-service-uid="\31 039"], c-basecardtimelineitemtask, .act-sub-label[c-basecardtimelineitemtask_basecardtimelineitemtask=""]]]
    Fix any of the following:
      Some page content is not contained by landmarks


  aq) [[one-record-home-flexipage2, forcegenerated-adgrollup_component___forcegenerated__flexipage_recordpage___talent_contact_tabbed_view___contact___view, forcegenerated-flexipage_talent_contact_tabbed_view_contact__view_js, :root > flexipage-aura-wrapper, c-l-w-c_-base-card-timeline-item[data-data-rendering-service-uid="\31 039"], c-basecardtimelineitemtask, :root]]
    Fix any of the following:
      Some page content is not contained by landmarks


  ar) [[one-record-home-flexipage2, forcegenerated-adgrollup_component___forcegenerated__flexipage_recordpage___talent_contact_tabbed_view___contact___view, forcegenerated-flexipage_talent_contact_tabbed_view_contact__view_js, :root > flexipage-aura-wrapper, c-l-w-c_-base-card-timeline-item[data-data-rendering-service-uid="\31 040"], c-basecardtimelineitemtask, .act-field-type.slds-truncate[c-basecardtimelineitemtask_basecardtimelineitemtask=""]]]
    Fix any of the following:
      Some page content is not contained by landmarks


  as) [[one-record-home-flexipage2, forcegenerated-adgrollup_component___forcegenerated__flexipage_recordpage___talent_contact_tabbed_view___contact___view, forcegenerated-flexipage_talent_contact_tabbed_view_contact__view_js, :root > flexipage-aura-wrapper, c-l-w-c_-base-card-timeline-item[data-data-rendering-service-uid="\31 040"], c-basecardtimelineitemtask, .slds-size_1-of-4.slds-col[c-basecardtimelineitemtask_basecardtimelineitemtask=""]:nth-child(2)]]
    Fix any of the following:
      Some page content is not contained by landmarks


  at) [[one-record-home-flexipage2, forcegenerated-adgrollup_component___forcegenerated__flexipage_recordpage___talent_contact_tabbed_view___contact___view, forcegenerated-flexipage_talent_contact_tabbed_view_contact__view_js, :root > flexipage-aura-wrapper, c-l-w-c_-base-card-timeline-item[data-data-rendering-service-uid="\31 040"], c-basecardtimelineitemtask, .slds-size_1-of-4.slds-col[c-basecardtimelineitemtask_basecardtimelineitemtask=""]:nth-child(3)]]
    Fix any of the following:
      Some page content is not contained by landmarks


  au) [[one-record-home-flexipage2, forcegenerated-adgrollup_component___forcegenerated__flexipage_recordpage___talent_contact_tabbed_view___contact___view, forcegenerated-flexipage_talent_contact_tabbed_view_contact__view_js, :root > flexipage-aura-wrapper, c-l-w-c_-base-card-timeline-item[data-data-rendering-service-uid="\31 040"], c-basecardtimelineitemtask, .slds-size_1-of-4.slds-col.slds-grid]]
    Fix any of the following:
      Some page content is not contained by landmarks


  av) [[one-record-home-flexipage2, forcegenerated-adgrollup_component___forcegenerated__flexipage_recordpage___talent_contact_tabbed_view___contact___view, forcegenerated-flexipage_talent_contact_tabbed_view_contact__view_js, :root > flexipage-aura-wrapper, c-l-w-c_-base-card-timeline-item[data-data-rendering-service-uid="\31 040"], c-basecardtimelineitemtask, .act-sub-label[c-basecardtimelineitemtask_basecardtimelineitemtask=""]]]
    Fix any of the following:
      Some page content is not contained by landmarks


  aw) [[one-record-home-flexipage2, forcegenerated-adgrollup_component___forcegenerated__flexipage_recordpage___talent_contact_tabbed_view___contact___view, forcegenerated-flexipage_talent_contact_tabbed_view_contact__view_js, :root > flexipage-aura-wrapper, c-l-w-c_-base-card-timeline-item[data-data-rendering-service-uid="\31 040"], c-basecardtimelineitemtask, :root]]
    Fix any of the following:
      Some page content is not contained by landmarks


  ax) [[one-record-home-flexipage2, forcegenerated-adgrollup_component___forcegenerated__flexipage_recordpage___talent_contact_tabbed_view___contact___view, forcegenerated-flexipage_talent_contact_tabbed_view_contact__view_js, :root > flexipage-aura-wrapper, c-l-w-c_-base-card-timeline-item[data-data-rendering-service-uid="\31 041"], c-basecardtimelineitemtask, .act-field-type.slds-truncate[c-basecardtimelineitemtask_basecardtimelineitemtask=""]]]
    Fix any of the following:
      Some page content is not contained by landmarks


  ay) [[one-record-home-flexipage2, forcegenerated-adgrollup_component___forcegenerated__flexipage_recordpage___talent_contact_tabbed_view___contact___view, forcegenerated-flexipage_talent_contact_tabbed_view_contact__view_js, :root > flexipage-aura-wrapper, c-l-w-c_-base-card-timeline-item[data-data-rendering-service-uid="\31 041"], c-basecardtimelineitemtask, .slds-size_1-of-4.slds-col[c-basecardtimelineitemtask_basecardtimelineitemtask=""]:nth-child(2)]]
    Fix any of the following:
      Some page content is not contained by landmarks


  az) [[one-record-home-flexipage2, forcegenerated-adgrollup_component___forcegenerated__flexipage_recordpage___talent_contact_tabbed_view___contact___view, forcegenerated-flexipage_talent_contact_tabbed_view_contact__view_js, :root > flexipage-aura-wrapper, c-l-w-c_-base-card-timeline-item[data-data-rendering-service-uid="\31 041"], c-basecardtimelineitemtask, .slds-size_1-of-4.slds-col[c-basecardtimelineitemtask_basecardtimelineitemtask=""]:nth-child(3)]]
    Fix any of the following:
      Some page content is not contained by landmarks


  ba) [[one-record-home-flexipage2, forcegenerated-adgrollup_component___forcegenerated__flexipage_recordpage___talent_contact_tabbed_view___contact___view, forcegenerated-flexipage_talent_contact_tabbed_view_contact__view_js, :root > flexipage-aura-wrapper, c-l-w-c_-base-card-timeline-item[data-data-rendering-service-uid="\31 041"], c-basecardtimelineitemtask, .slds-size_1-of-4.slds-col.slds-grid]]
    Fix any of the following:
      Some page content is not contained by landmarks


  bb) [[one-record-home-flexipage2, forcegenerated-adgrollup_component___forcegenerated__flexipage_recordpage___talent_contact_tabbed_view___contact___view, forcegenerated-flexipage_talent_contact_tabbed_view_contact__view_js, :root > flexipage-aura-wrapper, c-l-w-c_-base-card-timeline-item[data-data-rendering-service-uid="\31 041"], c-basecardtimelineitemtask, .act-sub-label[c-basecardtimelineitemtask_basecardtimelineitemtask=""]]]
    Fix any of the following:
      Some page content is not contained by landmarks


  bc) [[one-record-home-flexipage2, forcegenerated-adgrollup_component___forcegenerated__flexipage_recordpage___talent_contact_tabbed_view___contact___view, forcegenerated-flexipage_talent_contact_tabbed_view_contact__view_js, :root > flexipage-aura-wrapper, c-l-w-c_-base-card-timeline-item[data-data-rendering-service-uid="\31 041"], c-basecardtimelineitemtask, :root]]
    Fix any of the following:
      Some page content is not contained by landmarks


  bd) [[one-record-home-flexipage2, forcegenerated-adgrollup_component___forcegenerated__flexipage_recordpage___talent_contact_tabbed_view___contact___view, forcegenerated-flexipage_talent_contact_tabbed_view_contact__view_js, :root > flexipage-aura-wrapper, c-l-w-c_-base-card-timeline-item[data-data-rendering-service-uid="\31 042"], c-basecardtimelineitemtask, .act-field-type.slds-truncate[c-basecardtimelineitemtask_basecardtimelineitemtask=""]]]
    Fix any of the following:
      Some page content is not contained by landmarks


  be) [[one-record-home-flexipage2, forcegenerated-adgrollup_component___forcegenerated__flexipage_recordpage___talent_contact_tabbed_view___contact___view, forcegenerated-flexipage_talent_contact_tabbed_view_contact__view_js, :root > flexipage-aura-wrapper, c-l-w-c_-base-card-timeline-item[data-data-rendering-service-uid="\31 042"], c-basecardtimelineitemtask, .slds-size_1-of-4.slds-col[c-basecardtimelineitemtask_basecardtimelineitemtask=""]:nth-child(2)]]
    Fix any of the following:
      Some page content is not contained by landmarks


  bf) [[one-record-home-flexipage2, forcegenerated-adgrollup_component___forcegenerated__flexipage_recordpage___talent_contact_tabbed_view___contact___view, forcegenerated-flexipage_talent_contact_tabbed_view_contact__view_js, :root > flexipage-aura-wrapper, c-l-w-c_-base-card-timeline-item[data-data-rendering-service-uid="\31 042"], c-basecardtimelineitemtask, .slds-size_1-of-4.slds-col[c-basecardtimelineitemtask_basecardtimelineitemtask=""]:nth-child(3)]]
    Fix any of the following:
      Some page content is not contained by landmarks


  bg) [[one-record-home-flexipage2, forcegenerated-adgrollup_component___forcegenerated__flexipage_recordpage___talent_contact_tabbed_view___contact___view, forcegenerated-flexipage_talent_contact_tabbed_view_contact__view_js, :root > flexipage-aura-wrapper, c-l-w-c_-base-card-timeline-item[data-data-rendering-service-uid="\31 042"], c-basecardtimelineitemtask, .slds-size_1-of-4.slds-col.slds-grid]]
    Fix any of the following:
      Some page content is not contained by landmarks


  bh) [[one-record-home-flexipage2, forcegenerated-adgrollup_component___forcegenerated__flexipage_recordpage___talent_contact_tabbed_view___contact___view, forcegenerated-flexipage_talent_contact_tabbed_view_contact__view_js, :root > flexipage-aura-wrapper, c-l-w-c_-base-card-timeline-item[data-data-rendering-service-uid="\31 042"], c-basecardtimelineitemtask, .act-sub-label[c-basecardtimelineitemtask_basecardtimelineitemtask=""]]]
    Fix any of the following:
      Some page content is not contained by landmarks


  bi) [[one-record-home-flexipage2, forcegenerated-adgrollup_component___forcegenerated__flexipage_recordpage___talent_contact_tabbed_view___contact___view, forcegenerated-flexipage_talent_contact_tabbed_view_contact__view_js, :root > flexipage-aura-wrapper, c-l-w-c_-base-card-timeline-item[data-data-rendering-service-uid="\31 042"], c-basecardtimelineitemtask, :root]]
    Fix any of the following:
      Some page content is not contained by landmarks


  bj) [[one-record-home-flexipage2, forcegenerated-adgrollup_component___forcegenerated__flexipage_recordpage___talent_contact_tabbed_view___contact___view, forcegenerated-flexipage_talent_contact_tabbed_view_contact__view_js, :root > flexipage-aura-wrapper, c-l-w-c_-base-card-timeline-item[data-data-rendering-service-uid="\31 043"], c-basecardtimelineitemtask, .act-field-type.slds-truncate[c-basecardtimelineitemtask_basecardtimelineitemtask=""]]]
    Fix any of the following:
      Some page content is not contained by landmarks


  bk) [[one-record-home-flexipage2, forcegenerated-adgrollup_component___forcegenerated__flexipage_recordpage___talent_contact_tabbed_view___contact___view, forcegenerated-flexipage_talent_contact_tabbed_view_contact__view_js, :root > flexipage-aura-wrapper, c-l-w-c_-base-card-timeline-item[data-data-rendering-service-uid="\31 043"], c-basecardtimelineitemtask, .slds-size_1-of-4.slds-col[c-basecardtimelineitemtask_basecardtimelineitemtask=""]:nth-child(2)]]
    Fix any of the following:
      Some page content is not contained by landmarks


  bl) [[one-record-home-flexipage2, forcegenerated-adgrollup_component___forcegenerated__flexipage_recordpage___talent_contact_tabbed_view___contact___view, forcegenerated-flexipage_talent_contact_tabbed_view_contact__view_js, :root > flexipage-aura-wrapper, c-l-w-c_-base-card-timeline-item[data-data-rendering-service-uid="\31 043"], c-basecardtimelineitemtask, .slds-size_1-of-4.slds-col[c-basecardtimelineitemtask_basecardtimelineitemtask=""]:nth-child(3)]]
    Fix any of the following:
      Some page content is not contained by landmarks


  bm) [[one-record-home-flexipage2, forcegenerated-adgrollup_component___forcegenerated__flexipage_recordpage___talent_contact_tabbed_view___contact___view, forcegenerated-flexipage_talent_contact_tabbed_view_contact__view_js, :root > flexipage-aura-wrapper, c-l-w-c_-base-card-timeline-item[data-data-rendering-service-uid="\31 043"], c-basecardtimelineitemtask, .slds-size_1-of-4.slds-col.slds-grid]]
    Fix any of the following:
      Some page content is not contained by landmarks


  bn) [[one-record-home-flexipage2, forcegenerated-adgrollup_component___forcegenerated__flexipage_recordpage___talent_contact_tabbed_view___contact___view, forcegenerated-flexipage_talent_contact_tabbed_view_contact__view_js, :root > flexipage-aura-wrapper, c-l-w-c_-base-card-timeline-item[data-data-rendering-service-uid="\31 043"], c-basecardtimelineitemtask, .act-sub-label[c-basecardtimelineitemtask_basecardtimelineitemtask=""]]]
    Fix any of the following:
      Some page content is not contained by landmarks


  bo) [[one-record-home-flexipage2, forcegenerated-adgrollup_component___forcegenerated__flexipage_recordpage___talent_contact_tabbed_view___contact___view, forcegenerated-flexipage_talent_contact_tabbed_view_contact__view_js, :root > flexipage-aura-wrapper, c-l-w-c_-base-card-timeline-item[data-data-rendering-service-uid="\31 043"], c-basecardtimelineitemtask, :root]]
    Fix any of the following:
      Some page content is not contained by landmarks


  bp) [.slds-utility-bar_container]
    Fix any of the following:
      Some page content is not contained by landmarks


Executed Command: var cb = arguments[arguments.length-1]; axe.run(function (err, results) {  if (err) {    results = {      violations: [],      passes: [],      url: '',      timestamp: new Date().toString(),      errorMessage: err.message    }  }cb(results)})


at org.hamcrest.MatcherAssert.assertThat(MatcherAssert.java:20)
at org.hamcrest.MatcherAssert.assertThat(MatcherAssert.java:8)
at com.deque.AllegisLighteningPopupTest.getAllViolationsisAcc(AllegisLighteningPopupTest.java:91)
at java.base/jdk.internal.reflect.NativeMethodAccessorImpl.invoke0(Native Method)
at java.base/jdk.internal.reflect.NativeMethodAccessorImpl.invoke(NativeMethodAccessorImpl.java:62)
at java.base/jdk.internal.reflect.DelegatingMethodAccessorImpl.invoke(DelegatingMethodAccessorImpl.java:43)
at java.base/java.lang.reflect.Method.invoke(Method.java:566)
at org.testng.internal.MethodInvocationHelper.invokeMethod(MethodInvocationHelper.java:134)
at org.testng.internal.TestInvoker.invokeMethod(TestInvoker.java:597)
at org.testng.internal.TestInvoker.invokeTestMethod(TestInvoker.java:173)
at org.testng.internal.MethodRunner.runInSequence(MethodRunner.java:46)
at org.testng.internal.TestInvoker$MethodInvocationAgent.invoke(TestInvoker.java:816)
at org.testng.internal.TestInvoker.invokeTestMethods(TestInvoker.java:146)
at org.testng.internal.TestMethodWorker.invokeTestMethods(TestMethodWorker.java:146)
at org.testng.internal.TestMethodWorker.run(TestMethodWorker.java:128)
at java.base/java.util.ArrayList.forEach(ArrayList.java:1540)
at org.testng.TestRunner.privateRun(TestRunner.java:766)
at org.testng.TestRunner.run(TestRunner.java:587)
at org.testng.SuiteRunner.runTest(SuiteRunner.java:384)
at org.testng.SuiteRunner.runSequentially(SuiteRunner.java:378)
at org.testng.SuiteRunner.privateRun(SuiteRunner.java:337)
at org.testng.SuiteRunner.run(SuiteRunner.java:286)
at org.testng.SuiteRunnerWorker.runSuite(SuiteRunnerWorker.java:53)
at org.testng.SuiteRunnerWorker.run(SuiteRunnerWorker.java:96)
at org.testng.TestNG.runSuitesSequentially(TestNG.java:1187)
at org.testng.TestNG.runSuitesLocally(TestNG.java:1109)
at org.testng.TestNG.runSuites(TestNG.java:1039)
at org.testng.TestNG.run(TestNG.java:1007)
at org.testng.remote.AbstractRemoteTestNG.run(AbstractRemoteTestNG.java:115)
at org.testng.remote.RemoteTestNG.initAndRun(RemoteTestNG.java:251)
at org.testng.remote.RemoteTestNG.main(RemoteTestNG.java:77)
]]>
    </failure>
  </testcase> <!-- getAllViolationsisAcc -->
  <system-out/>
</testsuite> <!-- com.deque.AllegisLighteningPopupTest -->
